Determining if the pthread_create exist failed with the following output:
Change Dir: /home/CAD/butai01/ws/build/cpg/CMakeFiles/CMakeTmp

Run Build Command:"/usr/bin/make" "cmTC_18c96/fast"
/usr/bin/make -f CMakeFiles/cmTC_18c96.dir/build.make CMakeFiles/cmTC_18c96.dir/build
make[1]: 进入目录“/home/CAD/butai01/ws/build/cpg/CMakeFiles/CMakeTmp”
Building C object CMakeFiles/cmTC_18c96.dir/CheckSymbolExists.c.o
/usr/bin/cc    -o CMakeFiles/cmTC_18c96.dir/CheckSymbolExists.c.o   -c /home/CAD/butai01/ws/build/cpg/CMakeFiles/CMakeTmp/CheckSymbolExists.c
Linking C executable cmTC_18c96
/usr/bin/cmake -E cmake_link_script CMakeFiles/cmTC_18c96.dir/link.txt --verbose=1
/usr/bin/cc      -rdynamic CMakeFiles/cmTC_18c96.dir/CheckSymbolExists.c.o  -o cmTC_18c96 
CMakeFiles/cmTC_18c96.dir/CheckSymbolExists.c.o：在函数‘main’中：
CheckSymbolExists.c:(.text+0x1b)：对‘pthread_create’未定义的引用
collect2: error: ld returned 1 exit status
CMakeFiles/cmTC_18c96.dir/build.make:97: recipe for target 'cmTC_18c96' failed
make[1]: *** [cmTC_18c96] Error 1
make[1]: 离开目录“/home/CAD/butai01/ws/build/cpg/CMakeFiles/CMakeTmp”
Makefile:126: recipe for target 'cmTC_18c96/fast' failed
make: *** [cmTC_18c96/fast] Error 2

File /home/CAD/butai01/ws/build/cpg/CMakeFiles/CMakeTmp/CheckSymbolExists.c:
/* */
#include <pthread.h>

int main(int argc, char** argv)
{
  (void)argv;
#ifndef pthread_create
  return ((int*)(&pthread_create))[argc];
#else
  (void)argc;
  return 0;
#endif
}

Determining if the function pthread_create exists in the pthreads failed with the following output:
Change Dir: /home/CAD/butai01/ws/build/cpg/CMakeFiles/CMakeTmp

Run Build Command:"/usr/bin/make" "cmTC_c68e0/fast"
/usr/bin/make -f CMakeFiles/cmTC_c68e0.dir/build.make CMakeFiles/cmTC_c68e0.dir/build
make[1]: 进入目录“/home/CAD/butai01/ws/build/cpg/CMakeFiles/CMakeTmp”
Building C object CMakeFiles/cmTC_c68e0.dir/CheckFunctionExists.c.o
/usr/bin/cc   -DCHECK_FUNCTION_EXISTS=pthread_create   -o CMakeFiles/cmTC_c68e0.dir/CheckFunctionExists.c.o   -c /usr/share/cmake-3.10/Modules/CheckFunctionExists.c
Linking C executable cmTC_c68e0
/usr/bin/cmake -E cmake_link_script CMakeFiles/cmTC_c68e0.dir/link.txt --verbose=1
/usr/bin/cc  -DCHECK_FUNCTION_EXISTS=pthread_create    -rdynamic CMakeFiles/cmTC_c68e0.dir/CheckFunctionExists.c.o  -o cmTC_c68e0 -lpthreads 
/usr/bin/ld: 找不到 -lpthreads
collect2: error: ld returned 1 exit status
CMakeFiles/cmTC_c68e0.dir/build.make:97: recipe for target 'cmTC_c68e0' failed
make[1]: *** [cmTC_c68e0] Error 1
make[1]: 离开目录“/home/CAD/butai01/ws/build/cpg/CMakeFiles/CMakeTmp”
Makefile:126: recipe for target 'cmTC_c68e0/fast' failed
make: *** [cmTC_c68e0/fast] Error 2


