Linked: (/home/CAD/butai01/ws/devel/.private/fsc/share/common-lisp/ros/fsc/srv/SetV.lisp, /home/CAD/butai01/ws/devel/share/common-lisp/ros/fsc/srv/SetV.lisp)
Linked: (/home/CAD/butai01/ws/devel/.private/fsc/share/common-lisp/ros/fsc/srv/_package.lisp, /home/CAD/butai01/ws/devel/share/common-lisp/ros/fsc/srv/_package.lisp)
Linked: (/home/CAD/butai01/ws/devel/.private/fsc/share/common-lisp/ros/fsc/srv/fsc-srv.asd, /home/CAD/butai01/ws/devel/share/common-lisp/ros/fsc/srv/fsc-srv.asd)
Linked: (/home/CAD/butai01/ws/devel/.private/fsc/share/common-lisp/ros/fsc/srv/_package_SetV.lisp, /home/CAD/butai01/ws/devel/share/common-lisp/ros/fsc/srv/_package_SetV.lisp)
Linked: (/home/CAD/butai01/ws/devel/.private/fsc/share/common-lisp/ros/fsc/msg/CpgParam.lisp, /home/CAD/butai01/ws/devel/share/common-lisp/ros/fsc/msg/CpgParam.lisp)
Linked: (/home/CAD/butai01/ws/devel/.private/fsc/share/common-lisp/ros/fsc/msg/_package_MyState.lisp, /home/CAD/butai01/ws/devel/share/common-lisp/ros/fsc/msg/_package_MyState.lisp)
Linked: (/home/CAD/butai01/ws/devel/.private/fsc/share/common-lisp/ros/fsc/msg/fsc-msg.asd, /home/CAD/butai01/ws/devel/share/common-lisp/ros/fsc/msg/fsc-msg.asd)
Linked: (/home/CAD/butai01/ws/devel/.private/fsc/share/common-lisp/ros/fsc/msg/_package.lisp, /home/CAD/butai01/ws/devel/share/common-lisp/ros/fsc/msg/_package.lisp)
Linked: (/home/CAD/butai01/ws/devel/.private/fsc/share/common-lisp/ros/fsc/msg/_package_CpgParam.lisp, /home/CAD/butai01/ws/devel/share/common-lisp/ros/fsc/msg/_package_CpgParam.lisp)
Linked: (/home/CAD/butai01/ws/devel/.private/fsc/share/common-lisp/ros/fsc/msg/MyState.lisp, /home/CAD/butai01/ws/devel/share/common-lisp/ros/fsc/msg/MyState.lisp)
Linked: (/home/CAD/butai01/ws/devel/.private/fsc/share/fsc/cmake/fsc-msg-paths.cmake, /home/CAD/butai01/ws/devel/share/fsc/cmake/fsc-msg-paths.cmake)
Linked: (/home/CAD/butai01/ws/devel/.private/fsc/share/fsc/cmake/fscConfig-version.cmake, /home/CAD/butai01/ws/devel/share/fsc/cmake/fscConfig-version.cmake)
Linked: (/home/CAD/butai01/ws/devel/.private/fsc/share/fsc/cmake/fscConfig.cmake, /home/CAD/butai01/ws/devel/share/fsc/cmake/fscConfig.cmake)
Linked: (/home/CAD/butai01/ws/devel/.private/fsc/share/fsc/cmake/fsc-msg-extras.cmake, /home/CAD/butai01/ws/devel/share/fsc/cmake/fsc-msg-extras.cmake)
Linked: (/home/CAD/butai01/ws/devel/.private/fsc/share/roseus/ros/fsc/manifest.l, /home/CAD/butai01/ws/devel/share/roseus/ros/fsc/manifest.l)
Linked: (/home/CAD/butai01/ws/devel/.private/fsc/share/roseus/ros/fsc/srv/SetV.l, /home/CAD/butai01/ws/devel/share/roseus/ros/fsc/srv/SetV.l)
Linked: (/home/CAD/butai01/ws/devel/.private/fsc/share/roseus/ros/fsc/msg/MyState.l, /home/CAD/butai01/ws/devel/share/roseus/ros/fsc/msg/MyState.l)
Linked: (/home/CAD/butai01/ws/devel/.private/fsc/share/roseus/ros/fsc/msg/CpgParam.l, /home/CAD/butai01/ws/devel/share/roseus/ros/fsc/msg/CpgParam.l)
Linked: (/home/CAD/butai01/ws/devel/.private/fsc/share/gennodejs/ros/fsc/_index.js, /home/CAD/butai01/ws/devel/share/gennodejs/ros/fsc/_index.js)
Linked: (/home/CAD/butai01/ws/devel/.private/fsc/share/gennodejs/ros/fsc/srv/SetV.js, /home/CAD/butai01/ws/devel/share/gennodejs/ros/fsc/srv/SetV.js)
Linked: (/home/CAD/butai01/ws/devel/.private/fsc/share/gennodejs/ros/fsc/srv/_index.js, /home/CAD/butai01/ws/devel/share/gennodejs/ros/fsc/srv/_index.js)
Linked: (/home/CAD/butai01/ws/devel/.private/fsc/share/gennodejs/ros/fsc/msg/CpgParam.js, /home/CAD/butai01/ws/devel/share/gennodejs/ros/fsc/msg/CpgParam.js)
Linked: (/home/CAD/butai01/ws/devel/.private/fsc/share/gennodejs/ros/fsc/msg/MyState.js, /home/CAD/butai01/ws/devel/share/gennodejs/ros/fsc/msg/MyState.js)
Linked: (/home/CAD/butai01/ws/devel/.private/fsc/share/gennodejs/ros/fsc/msg/_index.js, /home/CAD/butai01/ws/devel/share/gennodejs/ros/fsc/msg/_index.js)
Warning: Cannot symlink from /home/CAD/butai01/ws/devel/.private/fsc/share/FootstepControl/cmake/FootstepControl-msg-paths.cmake to existing file /home/CAD/butai01/ws/devel/share/FootstepControl/cmake/FootstepControl-msg-paths.cmake
Warning: Source hash: 592229cd67c3c2d0e1fde496e20d69c1
Warning: Dest hash: d2f15a8a35a53829273285e7959ea595
Linked: (/home/CAD/butai01/ws/devel/.private/fsc/include/fsc/SetVRequest.h, /home/CAD/butai01/ws/devel/include/fsc/SetVRequest.h)
Linked: (/home/CAD/butai01/ws/devel/.private/fsc/include/fsc/SetVResponse.h, /home/CAD/butai01/ws/devel/include/fsc/SetVResponse.h)
Linked: (/home/CAD/butai01/ws/devel/.private/fsc/include/fsc/CpgParam.h, /home/CAD/butai01/ws/devel/include/fsc/CpgParam.h)
Linked: (/home/CAD/butai01/ws/devel/.private/fsc/include/fsc/SetV.h, /home/CAD/butai01/ws/devel/include/fsc/SetV.h)
Linked: (/home/CAD/butai01/ws/devel/.private/fsc/include/fsc/MyState.h, /home/CAD/butai01/ws/devel/include/fsc/MyState.h)
Linked: (/home/CAD/butai01/ws/devel/.private/fsc/lib/libfsc.so, /home/CAD/butai01/ws/devel/lib/libfsc.so)
Linked: (/home/CAD/butai01/ws/devel/.private/fsc/lib/pkgconfig/fsc.pc, /home/CAD/butai01/ws/devel/lib/pkgconfig/fsc.pc)
Linked: (/home/CAD/butai01/ws/devel/.private/fsc/lib/fsc/node, /home/CAD/butai01/ws/devel/lib/fsc/node)
Linked: (/home/CAD/butai01/ws/devel/.private/fsc/lib/python2.7/dist-packages/fsc/__init__.py, /home/CAD/butai01/ws/devel/lib/python2.7/dist-packages/fsc/__init__.py)
Linked: (/home/CAD/butai01/ws/devel/.private/fsc/lib/python2.7/dist-packages/fsc/srv/_SetV.py, /home/CAD/butai01/ws/devel/lib/python2.7/dist-packages/fsc/srv/_SetV.py)
Linked: (/home/CAD/butai01/ws/devel/.private/fsc/lib/python2.7/dist-packages/fsc/srv/__init__.py, /home/CAD/butai01/ws/devel/lib/python2.7/dist-packages/fsc/srv/__init__.py)
Linked: (/home/CAD/butai01/ws/devel/.private/fsc/lib/python2.7/dist-packages/fsc/msg/_MyState.py, /home/CAD/butai01/ws/devel/lib/python2.7/dist-packages/fsc/msg/_MyState.py)
Linked: (/home/CAD/butai01/ws/devel/.private/fsc/lib/python2.7/dist-packages/fsc/msg/_CpgParam.py, /home/CAD/butai01/ws/devel/lib/python2.7/dist-packages/fsc/msg/_CpgParam.py)
Linked: (/home/CAD/butai01/ws/devel/.private/fsc/lib/python2.7/dist-packages/fsc/msg/__init__.py, /home/CAD/butai01/ws/devel/lib/python2.7/dist-packages/fsc/msg/__init__.py)
