[01m[K/home/CAD/butai01/ws/src/fsc/src/FootstepControl.cpp:[m[K In function ‘[01m[Kvoid FSC(const ConstPtr&)[m[K’:
[01m[K/home/CAD/butai01/ws/src/fsc/src/FootstepControl.cpp:102:19:[m[K [01;31m[Kerror: [m[Kassignment of read-only variable ‘[01m[Kco[m[K’
     co=cosh(C*ansT[01;31m[K)[m[K,si=sinh(C*ansT);
                   [01;31m[K^[m[K
[01m[K/home/CAD/butai01/ws/src/fsc/src/FootstepControl.cpp:102:35:[m[K [01;31m[Kerror: [m[Kassignment of read-only variable ‘[01m[Ksi[m[K’
     co=cosh(C*ansT),si=sinh(C*ansT[01;31m[K)[m[K;
                                   [01;31m[K^[m[K
[01m[K/home/CAD/butai01/ws/src/fsc/src/FootstepControl.cpp:104:33:[m[K [01;31m[Kerror: [m[Kno match for ‘[01m[Koperator=[m[K’ (operand types are ‘[01m[Kstd::pair<double, double>[m[K’ and ‘[01m[Kdouble[m[K’)
     p1=pred(x-ox,dx,ansT).first+[01;31m[Kox[m[K;p2=pred(y-oy,dy,ansT).first+oy;
                                 [01;31m[K^~[m[K
In file included from [01m[K/usr/include/c++/7/bits/stl_algobase.h:64:0[m[K,
                 from [01m[K/usr/include/c++/7/bits/char_traits.h:39[m[K,
                 from [01m[K/usr/include/c++/7/ios:40[m[K,
                 from [01m[K/usr/include/c++/7/ostream:38[m[K,
                 from [01m[K/usr/include/c++/7/iostream:39[m[K,
                 from [01m[K/home/CAD/butai01/ws/src/fsc/src/FootstepControl.cpp:1[m[K:
[01m[K/usr/include/c++/7/bits/stl_pair.h:378:7:[m[K [01;36m[Knote: [m[Kcandidate: std::pair<_T1, _T2>& std::pair<_T1, _T2>::operator=(typename std::conditional<std::__and_<std::is_copy_assignable<_Tp>, std::is_copy_assignable<_T2> >::value, const std::pair<_T1, _T2>&, const std::__nonesuch_no_braces&>::type) [with _T1 = double; _T2 = double; typename std::conditional<std::__and_<std::is_copy_assignable<_Tp>, std::is_copy_assignable<_T2> >::value, const std::pair<_T1, _T2>&, const std::__nonesuch_no_braces&>::type = const std::pair<double, double>&]
       [01;36m[Koperator[m[K=(typename conditional<
       [01;36m[K^~~~~~~~[m[K
[01m[K/usr/include/c++/7/bits/stl_pair.h:378:7:[m[K [01;36m[Knote: [m[K  no known conversion for argument 1 from ‘[01m[Kdouble[m[K’ to ‘[01m[Kstd::conditional<true, const std::pair<double, double>&, const std::__nonesuch_no_braces&>::type {aka const std::pair<double, double>&}[m[K’
[01m[K/usr/include/c++/7/bits/stl_pair.h:389:7:[m[K [01;36m[Knote: [m[Kcandidate: std::pair<_T1, _T2>& std::pair<_T1, _T2>::operator=(typename std::conditional<std::__and_<std::is_move_assignable<_Tp>, std::is_move_assignable<_T2> >::value, std::pair<_T1, _T2>&&, std::__nonesuch_no_braces&&>::type) [with _T1 = double; _T2 = double; typename std::conditional<std::__and_<std::is_move_assignable<_Tp>, std::is_move_assignable<_T2> >::value, std::pair<_T1, _T2>&&, std::__nonesuch_no_braces&&>::type = std::pair<double, double>&&]
       [01;36m[Koperator[m[K=(typename conditional<
       [01;36m[K^~~~~~~~[m[K
[01m[K/usr/include/c++/7/bits/stl_pair.h:389:7:[m[K [01;36m[Knote: [m[K  no known conversion for argument 1 from ‘[01m[Kdouble[m[K’ to ‘[01m[Kstd::conditional<true, std::pair<double, double>&&, std::__nonesuch_no_braces&&>::type {aka std::pair<double, double>&&}[m[K’
[01m[K/usr/include/c++/7/bits/stl_pair.h:405:2:[m[K [01;36m[Knote: [m[Kcandidate: template<class _U1, class _U2> typename std::enable_if<std::__and_<std::is_assignable<_T1&, const _U1&>, std::is_assignable<_T2&, const _U2&> >::value, std::pair<_T1, _T2>&>::type std::pair<_T1, _T2>::operator=(const std::pair<_U1, _U2>&) [with _U1 = _U1; _U2 = _U2; _T1 = double; _T2 = double]
  [01;36m[Koperator[m[K=(const pair<_U1, _U2>& __p)
  [01;36m[K^~~~~~~~[m[K
[01m[K/usr/include/c++/7/bits/stl_pair.h:405:2:[m[K [01;36m[Knote: [m[K  template argument deduction/substitution failed:
[01m[K/home/CAD/butai01/ws/src/fsc/src/FootstepControl.cpp:104:33:[m[K [01;36m[Knote: [m[K  mismatched types ‘[01m[Kconst std::pair<_T1, _T2>[m[K’ and ‘[01m[Kdouble[m[K’
     p1=pred(x-ox,dx,ansT).first+[01;36m[Kox[m[K;p2=pred(y-oy,dy,ansT).first+oy;
                                 [01;36m[K^~[m[K
In file included from [01m[K/usr/include/c++/7/bits/stl_algobase.h:64:0[m[K,
                 from [01m[K/usr/include/c++/7/bits/char_traits.h:39[m[K,
                 from [01m[K/usr/include/c++/7/ios:40[m[K,
                 from [01m[K/usr/include/c++/7/ostream:38[m[K,
                 from [01m[K/usr/include/c++/7/iostream:39[m[K,
                 from [01m[K/home/CAD/butai01/ws/src/fsc/src/FootstepControl.cpp:1[m[K:
[01m[K/usr/include/c++/7/bits/stl_pair.h:416:2:[m[K [01;36m[Knote: [m[Kcandidate: template<class _U1, class _U2> typename std::enable_if<std::__and_<std::is_assignable<_T1&, _U1&&>, std::is_assignable<_T2&, _U2&&> >::value, std::pair<_T1, _T2>&>::type std::pair<_T1, _T2>::operator=(std::pair<_U1, _U2>&&) [with _U1 = _U1; _U2 = _U2; _T1 = double; _T2 = double]
  [01;36m[Koperator[m[K=(pair<_U1, _U2>&& __p)
  [01;36m[K^~~~~~~~[m[K
[01m[K/usr/include/c++/7/bits/stl_pair.h:416:2:[m[K [01;36m[Knote: [m[K  template argument deduction/substitution failed:
[01m[K/home/CAD/butai01/ws/src/fsc/src/FootstepControl.cpp:104:33:[m[K [01;36m[Knote: [m[K  mismatched types ‘[01m[Kstd::pair<_T1, _T2>[m[K’ and ‘[01m[Kdouble[m[K’
     p1=pred(x-ox,dx,ansT).first+[01;36m[Kox[m[K;p2=pred(y-oy,dy,ansT).first+oy;
                                 [01;36m[K^~[m[K
[01m[K/home/CAD/butai01/ws/src/fsc/src/FootstepControl.cpp:104:64:[m[K [01;31m[Kerror: [m[Kno match for ‘[01m[Koperator=[m[K’ (operand types are ‘[01m[Kstd::pair<double, double>[m[K’ and ‘[01m[Kdouble[m[K’)
     p1=pred(x-ox,dx,ansT).first+ox;p2=pred(y-oy,dy,ansT).first+[01;31m[Koy[m[K;
                                                                [01;31m[K^~[m[K
In file included from [01m[K/usr/include/c++/7/bits/stl_algobase.h:64:0[m[K,
                 from [01m[K/usr/include/c++/7/bits/char_traits.h:39[m[K,
                 from [01m[K/usr/include/c++/7/ios:40[m[K,
                 from [01m[K/usr/include/c++/7/ostream:38[m[K,
                 from [01m[K/usr/include/c++/7/iostream:39[m[K,
                 from [01m[K/home/CAD/butai01/ws/src/fsc/src/FootstepControl.cpp:1[m[K:
[01m[K/usr/include/c++/7/bits/stl_pair.h:378:7:[m[K [01;36m[Knote: [m[Kcandidate: std::pair<_T1, _T2>& std::pair<_T1, _T2>::operator=(typename std::conditional<std::__and_<std::is_copy_assignable<_Tp>, std::is_copy_assignable<_T2> >::value, const std::pair<_T1, _T2>&, const std::__nonesuch_no_braces&>::type) [with _T1 = double; _T2 = double; typename std::conditional<std::__and_<std::is_copy_assignable<_Tp>, std::is_copy_assignable<_T2> >::value, const std::pair<_T1, _T2>&, const std::__nonesuch_no_braces&>::type = const std::pair<double, double>&]
       [01;36m[Koperator[m[K=(typename conditional<
       [01;36m[K^~~~~~~~[m[K
[01m[K/usr/include/c++/7/bits/stl_pair.h:378:7:[m[K [01;36m[Knote: [m[K  no known conversion for argument 1 from ‘[01m[Kdouble[m[K’ to ‘[01m[Kstd::conditional<true, const std::pair<double, double>&, const std::__nonesuch_no_braces&>::type {aka const std::pair<double, double>&}[m[K’
[01m[K/usr/include/c++/7/bits/stl_pair.h:389:7:[m[K [01;36m[Knote: [m[Kcandidate: std::pair<_T1, _T2>& std::pair<_T1, _T2>::operator=(typename std::conditional<std::__and_<std::is_move_assignable<_Tp>, std::is_move_assignable<_T2> >::value, std::pair<_T1, _T2>&&, std::__nonesuch_no_braces&&>::type) [with _T1 = double; _T2 = double; typename std::conditional<std::__and_<std::is_move_assignable<_Tp>, std::is_move_assignable<_T2> >::value, std::pair<_T1, _T2>&&, std::__nonesuch_no_braces&&>::type = std::pair<double, double>&&]
       [01;36m[Koperator[m[K=(typename conditional<
       [01;36m[K^~~~~~~~[m[K
[01m[K/usr/include/c++/7/bits/stl_pair.h:389:7:[m[K [01;36m[Knote: [m[K  no known conversion for argument 1 from ‘[01m[Kdouble[m[K’ to ‘[01m[Kstd::conditional<true, std::pair<double, double>&&, std::__nonesuch_no_braces&&>::type {aka std::pair<double, double>&&}[m[K’
[01m[K/usr/include/c++/7/bits/stl_pair.h:405:2:[m[K [01;36m[Knote: [m[Kcandidate: template<class _U1, class _U2> typename std::enable_if<std::__and_<std::is_assignable<_T1&, const _U1&>, std::is_assignable<_T2&, const _U2&> >::value, std::pair<_T1, _T2>&>::type std::pair<_T1, _T2>::operator=(const std::pair<_U1, _U2>&) [with _U1 = _U1; _U2 = _U2; _T1 = double; _T2 = double]
  [01;36m[Koperator[m[K=(const pair<_U1, _U2>& __p)
  [01;36m[K^~~~~~~~[m[K
[01m[K/usr/include/c++/7/bits/stl_pair.h:405:2:[m[K [01;36m[Knote: [m[K  template argument deduction/substitution failed:
[01m[K/home/CAD/butai01/ws/src/fsc/src/FootstepControl.cpp:104:64:[m[K [01;36m[Knote: [m[K  mismatched types ‘[01m[Kconst std::pair<_T1, _T2>[m[K’ and ‘[01m[Kdouble[m[K’
     p1=pred(x-ox,dx,ansT).first+ox;p2=pred(y-oy,dy,ansT).first+[01;36m[Koy[m[K;
                                                                [01;36m[K^~[m[K
In file included from [01m[K/usr/include/c++/7/bits/stl_algobase.h:64:0[m[K,
                 from [01m[K/usr/include/c++/7/bits/char_traits.h:39[m[K,
                 from [01m[K/usr/include/c++/7/ios:40[m[K,
                 from [01m[K/usr/include/c++/7/ostream:38[m[K,
                 from [01m[K/usr/include/c++/7/iostream:39[m[K,
                 from [01m[K/home/CAD/butai01/ws/src/fsc/src/FootstepControl.cpp:1[m[K:
[01m[K/usr/include/c++/7/bits/stl_pair.h:416:2:[m[K [01;36m[Knote: [m[Kcandidate: template<class _U1, class _U2> typename std::enable_if<std::__and_<std::is_assignable<_T1&, _U1&&>, std::is_assignable<_T2&, _U2&&> >::value, std::pair<_T1, _T2>&>::type std::pair<_T1, _T2>::operator=(std::pair<_U1, _U2>&&) [with _U1 = _U1; _U2 = _U2; _T1 = double; _T2 = double]
  [01;36m[Koperator[m[K=(pair<_U1, _U2>&& __p)
  [01;36m[K^~~~~~~~[m[K
[01m[K/usr/include/c++/7/bits/stl_pair.h:416:2:[m[K [01;36m[Knote: [m[K  template argument deduction/substitution failed:
[01m[K/home/CAD/butai01/ws/src/fsc/src/FootstepControl.cpp:104:64:[m[K [01;36m[Knote: [m[K  mismatched types ‘[01m[Kstd::pair<_T1, _T2>[m[K’ and ‘[01m[Kdouble[m[K’
     p1=pred(x-ox,dx,ansT).first+ox;p2=pred(y-oy,dy,ansT).first+[01;36m[Koy[m[K;
                                                                [01;36m[K^~[m[K
[01m[K/home/CAD/butai01/ws/src/fsc/src/FootstepControl.cpp:[m[K In function ‘[01m[Kvoid FSC(const ConstPtr&)[m[K’:
[01m[K/home/CAD/butai01/ws/src/fsc/src/FootstepControl.cpp:102:19:[m[K [01;31m[Kerror: [m[Kassignment of read-only variable ‘[01m[Kco[m[K’
     co=cosh(C*ansT[01;31m[K)[m[K,si=sinh(C*ansT);
                   [01;31m[K^[m[K
[01m[K/home/CAD/butai01/ws/src/fsc/src/FootstepControl.cpp:102:35:[m[K [01;31m[Kerror: [m[Kassignment of read-only variable ‘[01m[Ksi[m[K’
     co=cosh(C*ansT),si=sinh(C*ansT[01;31m[K)[m[K;
                                   [01;31m[K^[m[K
[01m[K/home/CAD/butai01/ws/src/fsc/src/FootstepControl.cpp:104:33:[m[K [01;31m[Kerror: [m[Kno match for ‘[01m[Koperator=[m[K’ (operand types are ‘[01m[Kstd::pair<double, double>[m[K’ and ‘[01m[Kdouble[m[K’)
     p1=pred(x-ox,dx,ansT).first+[01;31m[Kox[m[K;p2=pred(y-oy,dy,ansT).first+oy;
                                 [01;31m[K^~[m[K
In file included from [01m[K/usr/include/c++/7/bits/stl_algobase.h:64:0[m[K,
                 from [01m[K/usr/include/c++/7/bits/char_traits.h:39[m[K,
                 from [01m[K/usr/include/c++/7/ios:40[m[K,
                 from [01m[K/usr/include/c++/7/ostream:38[m[K,
                 from [01m[K/usr/include/c++/7/iostream:39[m[K,
                 from [01m[K/home/CAD/butai01/ws/src/fsc/src/FootstepControl.cpp:1[m[K:
[01m[K/usr/include/c++/7/bits/stl_pair.h:378:7:[m[K [01;36m[Knote: [m[Kcandidate: std::pair<_T1, _T2>& std::pair<_T1, _T2>::operator=(typename std::conditional<std::__and_<std::is_copy_assignable<_Tp>, std::is_copy_assignable<_T2> >::value, const std::pair<_T1, _T2>&, const std::__nonesuch_no_braces&>::type) [with _T1 = double; _T2 = double; typename std::conditional<std::__and_<std::is_copy_assignable<_Tp>, std::is_copy_assignable<_T2> >::value, const std::pair<_T1, _T2>&, const std::__nonesuch_no_braces&>::type = const std::pair<double, double>&]
       [01;36m[Koperator[m[K=(typename conditional<
       [01;36m[K^~~~~~~~[m[K
[01m[K/usr/include/c++/7/bits/stl_pair.h:378:7:[m[K [01;36m[Knote: [m[K  no known conversion for argument 1 from ‘[01m[Kdouble[m[K’ to ‘[01m[Kstd::conditional<true, const std::pair<double, double>&, const std::__nonesuch_no_braces&>::type {aka const std::pair<double, double>&}[m[K’
[01m[K/usr/include/c++/7/bits/stl_pair.h:389:7:[m[K [01;36m[Knote: [m[Kcandidate: std::pair<_T1, _T2>& std::pair<_T1, _T2>::operator=(typename std::conditional<std::__and_<std::is_move_assignable<_Tp>, std::is_move_assignable<_T2> >::value, std::pair<_T1, _T2>&&, std::__nonesuch_no_braces&&>::type) [with _T1 = double; _T2 = double; typename std::conditional<std::__and_<std::is_move_assignable<_Tp>, std::is_move_assignable<_T2> >::value, std::pair<_T1, _T2>&&, std::__nonesuch_no_braces&&>::type = std::pair<double, double>&&]
       [01;36m[Koperator[m[K=(typename conditional<
       [01;36m[K^~~~~~~~[m[K
[01m[K/usr/include/c++/7/bits/stl_pair.h:389:7:[m[K [01;36m[Knote: [m[K  no known conversion for argument 1 from ‘[01m[Kdouble[m[K’ to ‘[01m[Kstd::conditional<true, std::pair<double, double>&&, std::__nonesuch_no_braces&&>::type {aka std::pair<double, double>&&}[m[K’
[01m[K/usr/include/c++/7/bits/stl_pair.h:405:2:[m[K [01;36m[Knote: [m[Kcandidate: template<class _U1, class _U2> typename std::enable_if<std::__and_<std::is_assignable<_T1&, const _U1&>, std::is_assignable<_T2&, const _U2&> >::value, std::pair<_T1, _T2>&>::type std::pair<_T1, _T2>::operator=(const std::pair<_U1, _U2>&) [with _U1 = _U1; _U2 = _U2; _T1 = double; _T2 = double]
  [01;36m[Koperator[m[K=(const pair<_U1, _U2>& __p)
  [01;36m[K^~~~~~~~[m[K
[01m[K/usr/include/c++/7/bits/stl_pair.h:405:2:[m[K [01;36m[Knote: [m[K  template argument deduction/substitution failed:
[01m[K/home/CAD/butai01/ws/src/fsc/src/FootstepControl.cpp:104:33:[m[K [01;36m[Knote: [m[K  mismatched types ‘[01m[Kconst std::pair<_T1, _T2>[m[K’ and ‘[01m[Kdouble[m[K’
     p1=pred(x-ox,dx,ansT).first+[01;36m[Kox[m[K;p2=pred(y-oy,dy,ansT).first+oy;
                                 [01;36m[K^~[m[K
In file included from [01m[K/usr/include/c++/7/bits/stl_algobase.h:64:0[m[K,
                 from [01m[K/usr/include/c++/7/bits/char_traits.h:39[m[K,
                 from [01m[K/usr/include/c++/7/ios:40[m[K,
                 from [01m[K/usr/include/c++/7/ostream:38[m[K,
                 from [01m[K/usr/include/c++/7/iostream:39[m[K,
                 from [01m[K/home/CAD/butai01/ws/src/fsc/src/FootstepControl.cpp:1[m[K:
[01m[K/usr/include/c++/7/bits/stl_pair.h:416:2:[m[K [01;36m[Knote: [m[Kcandidate: template<class _U1, class _U2> typename std::enable_if<std::__and_<std::is_assignable<_T1&, _U1&&>, std::is_assignable<_T2&, _U2&&> >::value, std::pair<_T1, _T2>&>::type std::pair<_T1, _T2>::operator=(std::pair<_U1, _U2>&&) [with _U1 = _U1; _U2 = _U2; _T1 = double; _T2 = double]
  [01;36m[Koperator[m[K=(pair<_U1, _U2>&& __p)
  [01;36m[K^~~~~~~~[m[K
[01m[K/usr/include/c++/7/bits/stl_pair.h:416:2:[m[K [01;36m[Knote: [m[K  template argument deduction/substitution failed:
[01m[K/home/CAD/butai01/ws/src/fsc/src/FootstepControl.cpp:104:33:[m[K [01;36m[Knote: [m[K  mismatched types ‘[01m[Kstd::pair<_T1, _T2>[m[K’ and ‘[01m[Kdouble[m[K’
     p1=pred(x-ox,dx,ansT).first+[01;36m[Kox[m[K;p2=pred(y-oy,dy,ansT).first+oy;
                                 [01;36m[K^~[m[K
[01m[K/home/CAD/butai01/ws/src/fsc/src/FootstepControl.cpp:104:64:[m[K [01;31m[Kerror: [m[Kno match for ‘[01m[Koperator=[m[K’ (operand types are ‘[01m[Kstd::pair<double, double>[m[K’ and ‘[01m[Kdouble[m[K’)
     p1=pred(x-ox,dx,ansT).first+ox;p2=pred(y-oy,dy,ansT).first+[01;31m[Koy[m[K;
                                                                [01;31m[K^~[m[K
In file included from [01m[K/usr/include/c++/7/bits/stl_algobase.h:64:0[m[K,
                 from [01m[K/usr/include/c++/7/bits/char_traits.h:39[m[K,
                 from [01m[K/usr/include/c++/7/ios:40[m[K,
                 from [01m[K/usr/include/c++/7/ostream:38[m[K,
                 from [01m[K/usr/include/c++/7/iostream:39[m[K,
                 from [01m[K/home/CAD/butai01/ws/src/fsc/src/FootstepControl.cpp:1[m[K:
[01m[K/usr/include/c++/7/bits/stl_pair.h:378:7:[m[K [01;36m[Knote: [m[Kcandidate: std::pair<_T1, _T2>& std::pair<_T1, _T2>::operator=(typename std::conditional<std::__and_<std::is_copy_assignable<_Tp>, std::is_copy_assignable<_T2> >::value, const std::pair<_T1, _T2>&, const std::__nonesuch_no_braces&>::type) [with _T1 = double; _T2 = double; typename std::conditional<std::__and_<std::is_copy_assignable<_Tp>, std::is_copy_assignable<_T2> >::value, const std::pair<_T1, _T2>&, const std::__nonesuch_no_braces&>::type = const std::pair<double, double>&]
       [01;36m[Koperator[m[K=(typename conditional<
       [01;36m[K^~~~~~~~[m[K
[01m[K/usr/include/c++/7/bits/stl_pair.h:378:7:[m[K [01;36m[Knote: [m[K  no known conversion for argument 1 from ‘[01m[Kdouble[m[K’ to ‘[01m[Kstd::conditional<true, const std::pair<double, double>&, const std::__nonesuch_no_braces&>::type {aka const std::pair<double, double>&}[m[K’
[01m[K/usr/include/c++/7/bits/stl_pair.h:389:7:[m[K [01;36m[Knote: [m[Kcandidate: std::pair<_T1, _T2>& std::pair<_T1, _T2>::operator=(typename std::conditional<std::__and_<std::is_move_assignable<_Tp>, std::is_move_assignable<_T2> >::value, std::pair<_T1, _T2>&&, std::__nonesuch_no_braces&&>::type) [with _T1 = double; _T2 = double; typename std::conditional<std::__and_<std::is_move_assignable<_Tp>, std::is_move_assignable<_T2> >::value, std::pair<_T1, _T2>&&, std::__nonesuch_no_braces&&>::type = std::pair<double, double>&&]
       [01;36m[Koperator[m[K=(typename conditional<
       [01;36m[K^~~~~~~~[m[K
[01m[K/usr/include/c++/7/bits/stl_pair.h:389:7:[m[K [01;36m[Knote: [m[K  no known conversion for argument 1 from ‘[01m[Kdouble[m[K’ to ‘[01m[Kstd::conditional<true, std::pair<double, double>&&, std::__nonesuch_no_braces&&>::type {aka std::pair<double, double>&&}[m[K’
[01m[K/usr/include/c++/7/bits/stl_pair.h:405:2:[m[K [01;36m[Knote: [m[Kcandidate: template<class _U1, class _U2> typename std::enable_if<std::__and_<std::is_assignable<_T1&, const _U1&>, std::is_assignable<_T2&, const _U2&> >::value, std::pair<_T1, _T2>&>::type std::pair<_T1, _T2>::operator=(const std::pair<_U1, _U2>&) [with _U1 = _U1; _U2 = _U2; _T1 = double; _T2 = double]
  [01;36m[Koperator[m[K=(const pair<_U1, _U2>& __p)
  [01;36m[K^~~~~~~~[m[K
[01m[K/usr/include/c++/7/bits/stl_pair.h:405:2:[m[K [01;36m[Knote: [m[K  template argument deduction/substitution failed:
[01m[K/home/CAD/butai01/ws/src/fsc/src/FootstepControl.cpp:104:64:[m[K [01;36m[Knote: [m[K  mismatched types ‘[01m[Kconst std::pair<_T1, _T2>[m[K’ and ‘[01m[Kdouble[m[K’
     p1=pred(x-ox,dx,ansT).first+ox;p2=pred(y-oy,dy,ansT).first+[01;36m[Koy[m[K;
                                                                [01;36m[K^~[m[K
In file included from [01m[K/usr/include/c++/7/bits/stl_algobase.h:64:0[m[K,
                 from [01m[K/usr/include/c++/7/bits/char_traits.h:39[m[K,
                 from [01m[K/usr/include/c++/7/ios:40[m[K,
                 from [01m[K/usr/include/c++/7/ostream:38[m[K,
                 from [01m[K/usr/include/c++/7/iostream:39[m[K,
                 from [01m[K/home/CAD/butai01/ws/src/fsc/src/FootstepControl.cpp:1[m[K:
[01m[K/usr/include/c++/7/bits/stl_pair.h:416:2:[m[K [01;36m[Knote: [m[Kcandidate: template<class _U1, class _U2> typename std::enable_if<std::__and_<std::is_assignable<_T1&, _U1&&>, std::is_assignable<_T2&, _U2&&> >::value, std::pair<_T1, _T2>&>::type std::pair<_T1, _T2>::operator=(std::pair<_U1, _U2>&&) [with _U1 = _U1; _U2 = _U2; _T1 = double; _T2 = double]
  [01;36m[Koperator[m[K=(pair<_U1, _U2>&& __p)
  [01;36m[K^~~~~~~~[m[K
[01m[K/usr/include/c++/7/bits/stl_pair.h:416:2:[m[K [01;36m[Knote: [m[K  template argument deduction/substitution failed:
[01m[K/home/CAD/butai01/ws/src/fsc/src/FootstepControl.cpp:104:64:[m[K [01;36m[Knote: [m[K  mismatched types ‘[01m[Kstd::pair<_T1, _T2>[m[K’ and ‘[01m[Kdouble[m[K’
     p1=pred(x-ox,dx,ansT).first+ox;p2=pred(y-oy,dy,ansT).first+[01;36m[Koy[m[K;
                                                                [01;36m[K^~[m[K
make[2]: *** [CMakeFiles/fsc_node.dir/src/FootstepControl.cpp.o] Error 1
make[1]: *** [CMakeFiles/fsc_node.dir/all] Error 2
make[1]: *** 正在等待未完成的任务....
make[2]: *** [CMakeFiles/fsc.dir/src/FootstepControl.cpp.o] Error 1
make[1]: *** [CMakeFiles/fsc.dir/all] Error 2
make: *** [all] Error 2
