[36m--[0m Using CATKIN_DEVEL_PREFIX: /home/CAD/butai01/ws/devel/.private/fsc
[36m--[0m Using CMAKE_PREFIX_PATH: /home/CAD/butai01/ws/devel;/home/CAD/butai01/workspace/devel;/opt/ros/melodic
[36m--[0m This workspace overlays: /home/CAD/butai01/ws/devel;/home/CAD/butai01/workspace/devel;/opt/ros/melodic
[36m--[0m Found PythonInterp: /usr/bin/python2 (found suitable version "2.7.17", minimum required is "2")
[36m--[0m Using PYTHON_EXECUTABLE: /usr/bin/python2
[36m--[0m Using Debian Python package layout
[36m--[0m Using empy: /usr/bin/empy
[36m--[0m Using CATKIN_ENABLE_TESTING: ON
[36m--[0m Call enable_testing()
[36m--[0m Using CATKIN_TEST_RESULTS_DIR: /home/CAD/butai01/ws/build/fsc/test_results
[36m--[0m Found gtest sources under '/usr/src/googletest': gtests will be built
[36m--[0m Found gmock sources under '/usr/src/googletest': gmock will be built
[36m--[0m Found PythonInterp: /usr/bin/python2 (found version "2.7.17")
[36m--[0m Using Python nosetests: /usr/bin/nosetests-2.7
[36m--[0m catkin 0.7.29
[36m--[0m BUILD_SHARED_LIBS is on
[36m--[0m Using these message generators: gencpp;geneus;genlisp;gennodejs;genpy
[31m[1mCMake Error[0m at /home/CAD/butai01/ws/devel/.private/fsc/share/fsc/cmake/fscConfig.cmake:173 (message):
  Project 'fsc' tried to find library 'FootstepControl'.  The library is
  neither a target nor built/installed properly.  Did you compile project
  'fsc'? Did you find_package() it before the subdirectory containing its
  code is included?
[36mCall Stack (most recent call first):[0m
  /opt/ros/melodic/share/catkin/cmake/catkinConfig.cmake:76 (find_package)
  CMakeLists.txt:10 (find_package)


[36m--[0m Configuring incomplete, errors occurred!
See also "/home/CAD/butai01/ws/build/fsc/CMakeFiles/CMakeOutput.log".
See also "/home/CAD/butai01/ws/build/fsc/CMakeFiles/CMakeError.log".
Makefile:787: recipe for target 'cmake_check_build_system' failed
make: *** [cmake_check_build_system] Error 1
