[  0%] Built target std_msgs_generate_messages_eus
[  0%] Built target std_msgs_generate_messages_py
[  0%] Built target std_msgs_generate_messages_lisp
[  0%] Built target _fsc_generate_messages_check_deps_SetV
[  0%] Built target _fsc_generate_messages_check_deps_MyState
[  0%] Built target std_msgs_generate_messages_nodejs
[  0%] Built target std_msgs_generate_messages_cpp
[  0%] Built target _fsc_generate_messages_check_deps_CpgParam
[  0%] Built target rosgraph_msgs_generate_messages_nodejs
[  0%] Built target rosgraph_msgs_generate_messages_lisp
[  0%] Built target rosgraph_msgs_generate_messages_cpp
[  0%] Built target rosgraph_msgs_generate_messages_py
[  0%] Built target roscpp_generate_messages_lisp
[  0%] Built target rosgraph_msgs_generate_messages_eus
[  0%] Built target roscpp_generate_messages_py
[  0%] Built target roscpp_generate_messages_nodejs
[  0%] Built target roscpp_generate_messages_cpp
[  0%] Built target roscpp_generate_messages_eus
[ 18%] Built target fsc_generate_messages_eus
[ 40%] Built target fsc_generate_messages_py
[ 54%] Built target fsc_generate_messages_nodejs
[ 63%] Built target fsc_node
[ 77%] Built target fsc_generate_messages_cpp
[ 90%] Built target fsc_generate_messages_lisp
[ 90%] Built target fsc_generate_messages
[100%] Built target fsc
