[35m[1mScanning dependencies of target _bio_ik_msgs_generate_messages_check_deps_TouchGoal[0m
[  0%] Built target _bio_ik_msgs_generate_messages_check_deps_TouchGoal
[35m[1mScanning dependencies of target _bio_ik_msgs_generate_messages_check_deps_OrientationGoal[0m
[  0%] Built target _bio_ik_msgs_generate_messages_check_deps_OrientationGoal
[35m[1mScanning dependencies of target _bio_ik_msgs_generate_messages_check_deps_IKRequest[0m
[  0%] Built target _bio_ik_msgs_generate_messages_check_deps_IKRequest
[35m[1mScanning dependencies of target _bio_ik_msgs_generate_messages_check_deps_JointVariableGoal[0m
[35m[1mScanning dependencies of target _bio_ik_msgs_generate_messages_check_deps_LineGoal[0m
[  0%] Built target _bio_ik_msgs_generate_messages_check_deps_JointVariableGoal
[  0%] Built target _bio_ik_msgs_generate_messages_check_deps_LineGoal
[35m[1mScanning dependencies of target moveit_msgs_generate_messages_lisp[0m
[  0%] Built target moveit_msgs_generate_messages_lisp
[35m[1mScanning dependencies of target _bio_ik_msgs_generate_messages_check_deps_MinDistanceGoal[0m
[  0%] Built target _bio_ik_msgs_generate_messages_check_deps_MinDistanceGoal
[35m[1mScanning dependencies of target _bio_ik_msgs_generate_messages_check_deps_MaxDistanceGoal[0m
[35m[1mScanning dependencies of target geometry_msgs_generate_messages_lisp[0m
[  0%] Built target geometry_msgs_generate_messages_lisp
[  0%] Built target _bio_ik_msgs_generate_messages_check_deps_MaxDistanceGoal
[35m[1mScanning dependencies of target _bio_ik_msgs_generate_messages_check_deps_PositionGoal[0m
[35m[1mScanning dependencies of target std_msgs_generate_messages_lisp[0m
[  0%] Built target std_msgs_generate_messages_lisp
[  0%] Built target _bio_ik_msgs_generate_messages_check_deps_PositionGoal
[35m[1mScanning dependencies of target _bio_ik_msgs_generate_messages_check_deps_IKResponse[0m
[  0%] Built target _bio_ik_msgs_generate_messages_check_deps_IKResponse
[35m[1mScanning dependencies of target _bio_ik_msgs_generate_messages_check_deps_ConeGoal[0m
[  0%] Built target _bio_ik_msgs_generate_messages_check_deps_ConeGoal
[35m[1mScanning dependencies of target _bio_ik_msgs_generate_messages_check_deps_GetIK[0m
[  0%] Built target _bio_ik_msgs_generate_messages_check_deps_GetIK
[35m[1mScanning dependencies of target _bio_ik_msgs_generate_messages_check_deps_DirectionGoal[0m
[35m[1mScanning dependencies of target _bio_ik_msgs_generate_messages_check_deps_LookAtGoal[0m
[35m[1mScanning dependencies of target _bio_ik_msgs_generate_messages_check_deps_BalanceGoal[0m
[  0%] Built target _bio_ik_msgs_generate_messages_check_deps_LookAtGoal
[35m[1mScanning dependencies of target _bio_ik_msgs_generate_messages_check_deps_MinimalDisplacementGoal[0m
[  0%] Built target _bio_ik_msgs_generate_messages_check_deps_DirectionGoal
[  0%] Built target _bio_ik_msgs_generate_messages_check_deps_BalanceGoal
[35m[1mScanning dependencies of target _bio_ik_msgs_generate_messages_check_deps_CenterJointsGoal[0m
[  0%] Built target _bio_ik_msgs_generate_messages_check_deps_MinimalDisplacementGoal
[35m[1mScanning dependencies of target _bio_ik_msgs_generate_messages_check_deps_PoseGoal[0m
[35m[1mScanning dependencies of target _bio_ik_msgs_generate_messages_check_deps_AvoidJointLimitsGoal[0m
[35m[1mScanning dependencies of target _bio_ik_msgs_generate_messages_check_deps_SideGoal[0m
[  0%] Built target _bio_ik_msgs_generate_messages_check_deps_PoseGoal
[  0%] Built target _bio_ik_msgs_generate_messages_check_deps_CenterJointsGoal
[  0%] Built target _bio_ik_msgs_generate_messages_check_deps_AvoidJointLimitsGoal
[  0%] Built target _bio_ik_msgs_generate_messages_check_deps_SideGoal
[35m[1mScanning dependencies of target moveit_msgs_generate_messages_py[0m
[35m[1mScanning dependencies of target std_msgs_generate_messages_py[0m
[35m[1mScanning dependencies of target geometry_msgs_generate_messages_py[0m
[  0%] Built target std_msgs_generate_messages_py
[  0%] Built target moveit_msgs_generate_messages_py
[  0%] Built target geometry_msgs_generate_messages_py
[35m[1mScanning dependencies of target std_msgs_generate_messages_cpp[0m
[35m[1mScanning dependencies of target geometry_msgs_generate_messages_cpp[0m
[  0%] Built target std_msgs_generate_messages_cpp
[35m[1mScanning dependencies of target moveit_msgs_generate_messages_cpp[0m
[  0%] Built target geometry_msgs_generate_messages_cpp
[35m[1mScanning dependencies of target moveit_msgs_generate_messages_nodejs[0m
[  0%] Built target moveit_msgs_generate_messages_cpp
[35m[1mScanning dependencies of target std_msgs_generate_messages_nodejs[0m
[  0%] Built target moveit_msgs_generate_messages_nodejs
[  0%] Built target std_msgs_generate_messages_nodejs
[35m[1mScanning dependencies of target geometry_msgs_generate_messages_nodejs[0m
[35m[1mScanning dependencies of target std_msgs_generate_messages_eus[0m
[  0%] Built target geometry_msgs_generate_messages_nodejs
[  0%] Built target std_msgs_generate_messages_eus
[35m[1mScanning dependencies of target moveit_msgs_generate_messages_eus[0m
[35m[1mScanning dependencies of target geometry_msgs_generate_messages_eus[0m
[35m[1mScanning dependencies of target bio_ik_msgs_generate_messages_lisp[0m
[  0%] Built target moveit_msgs_generate_messages_eus
[  0%] Built target geometry_msgs_generate_messages_eus
[ 20%] Built target bio_ik_msgs_generate_messages_lisp
[35m[1mScanning dependencies of target bio_ik_msgs_generate_messages_py[0m
[35m[1mScanning dependencies of target bio_ik_msgs_generate_messages_cpp[0m
[ 41%] Built target bio_ik_msgs_generate_messages_py
[ 60%] Built target bio_ik_msgs_generate_messages_cpp
[35m[1mScanning dependencies of target bio_ik_msgs_generate_messages_nodejs[0m
[35m[1mScanning dependencies of target bio_ik_msgs_generate_messages_eus[0m
[ 79%] Built target bio_ik_msgs_generate_messages_nodejs
[100%] Built target bio_ik_msgs_generate_messages_eus
[35m[1mScanning dependencies of target bio_ik_msgs_generate_messages[0m
[100%] Built target bio_ik_msgs_generate_messages
