Symlinking /home/CAD/butai01/ws/devel/share/bio_ik_msgs/cmake/bio_ik_msgsConfig-version.cmake
Symlinking /home/CAD/butai01/ws/devel/share/bio_ik_msgs/cmake/bio_ik_msgs-msg-paths.cmake
Symlinking /home/CAD/butai01/ws/devel/share/bio_ik_msgs/cmake/bio_ik_msgsConfig.cmake
Symlinking /home/CAD/butai01/ws/devel/share/bio_ik_msgs/cmake/bio_ik_msgs-msg-extras.cmake
Symlinking /home/CAD/butai01/ws/devel/share/common-lisp/ros/bio_ik_msgs/srv/bio_ik_msgs-srv.asd
Symlinking /home/CAD/butai01/ws/devel/share/common-lisp/ros/bio_ik_msgs/srv/_package.lisp
Symlinking /home/CAD/butai01/ws/devel/share/common-lisp/ros/bio_ik_msgs/srv/GetIK.lisp
Symlinking /home/CAD/butai01/ws/devel/share/common-lisp/ros/bio_ik_msgs/srv/_package_GetIK.lisp
Symlinking /home/CAD/butai01/ws/devel/share/common-lisp/ros/bio_ik_msgs/msg/JointVariableGoal.lisp
Symlinking /home/CAD/butai01/ws/devel/share/common-lisp/ros/bio_ik_msgs/msg/LineGoal.lisp
Symlinking /home/CAD/butai01/ws/devel/share/common-lisp/ros/bio_ik_msgs/msg/SideGoal.lisp
Symlinking /home/CAD/butai01/ws/devel/share/common-lisp/ros/bio_ik_msgs/msg/_package_TouchGoal.lisp
Symlinking /home/CAD/butai01/ws/devel/share/common-lisp/ros/bio_ik_msgs/msg/MinimalDisplacementGoal.lisp
Symlinking /home/CAD/butai01/ws/devel/share/common-lisp/ros/bio_ik_msgs/msg/bio_ik_msgs-msg.asd
Symlinking /home/CAD/butai01/ws/devel/share/common-lisp/ros/bio_ik_msgs/msg/_package_PoseGoal.lisp
Symlinking /home/CAD/butai01/ws/devel/share/common-lisp/ros/bio_ik_msgs/msg/CenterJointsGoal.lisp
Symlinking /home/CAD/butai01/ws/devel/share/common-lisp/ros/bio_ik_msgs/msg/_package_OrientationGoal.lisp
Symlinking /home/CAD/butai01/ws/devel/share/common-lisp/ros/bio_ik_msgs/msg/IKResponse.lisp
Symlinking /home/CAD/butai01/ws/devel/share/common-lisp/ros/bio_ik_msgs/msg/TouchGoal.lisp
Symlinking /home/CAD/butai01/ws/devel/share/common-lisp/ros/bio_ik_msgs/msg/BalanceGoal.lisp
Symlinking /home/CAD/butai01/ws/devel/share/common-lisp/ros/bio_ik_msgs/msg/_package_BalanceGoal.lisp
Symlinking /home/CAD/butai01/ws/devel/share/common-lisp/ros/bio_ik_msgs/msg/_package_LookAtGoal.lisp
Symlinking /home/CAD/butai01/ws/devel/share/common-lisp/ros/bio_ik_msgs/msg/_package_DirectionGoal.lisp
Symlinking /home/CAD/butai01/ws/devel/share/common-lisp/ros/bio_ik_msgs/msg/_package_MinDistanceGoal.lisp
Symlinking /home/CAD/butai01/ws/devel/share/common-lisp/ros/bio_ik_msgs/msg/_package_MaxDistanceGoal.lisp
Symlinking /home/CAD/butai01/ws/devel/share/common-lisp/ros/bio_ik_msgs/msg/_package_SideGoal.lisp
Symlinking /home/CAD/butai01/ws/devel/share/common-lisp/ros/bio_ik_msgs/msg/MinDistanceGoal.lisp
Symlinking /home/CAD/butai01/ws/devel/share/common-lisp/ros/bio_ik_msgs/msg/_package_IKRequest.lisp
Symlinking /home/CAD/butai01/ws/devel/share/common-lisp/ros/bio_ik_msgs/msg/ConeGoal.lisp
Symlinking /home/CAD/butai01/ws/devel/share/common-lisp/ros/bio_ik_msgs/msg/_package_IKResponse.lisp
Symlinking /home/CAD/butai01/ws/devel/share/common-lisp/ros/bio_ik_msgs/msg/_package_LineGoal.lisp
Symlinking /home/CAD/butai01/ws/devel/share/common-lisp/ros/bio_ik_msgs/msg/_package.lisp
Symlinking /home/CAD/butai01/ws/devel/share/common-lisp/ros/bio_ik_msgs/msg/MaxDistanceGoal.lisp
Symlinking /home/CAD/butai01/ws/devel/share/common-lisp/ros/bio_ik_msgs/msg/_package_JointVariableGoal.lisp
Symlinking /home/CAD/butai01/ws/devel/share/common-lisp/ros/bio_ik_msgs/msg/LookAtGoal.lisp
Symlinking /home/CAD/butai01/ws/devel/share/common-lisp/ros/bio_ik_msgs/msg/_package_MinimalDisplacementGoal.lisp
Symlinking /home/CAD/butai01/ws/devel/share/common-lisp/ros/bio_ik_msgs/msg/DirectionGoal.lisp
Symlinking /home/CAD/butai01/ws/devel/share/common-lisp/ros/bio_ik_msgs/msg/PositionGoal.lisp
Symlinking /home/CAD/butai01/ws/devel/share/common-lisp/ros/bio_ik_msgs/msg/_package_PositionGoal.lisp
Symlinking /home/CAD/butai01/ws/devel/share/common-lisp/ros/bio_ik_msgs/msg/IKRequest.lisp
Symlinking /home/CAD/butai01/ws/devel/share/common-lisp/ros/bio_ik_msgs/msg/OrientationGoal.lisp
Symlinking /home/CAD/butai01/ws/devel/share/common-lisp/ros/bio_ik_msgs/msg/AvoidJointLimitsGoal.lisp
Symlinking /home/CAD/butai01/ws/devel/share/common-lisp/ros/bio_ik_msgs/msg/_package_AvoidJointLimitsGoal.lisp
Symlinking /home/CAD/butai01/ws/devel/share/common-lisp/ros/bio_ik_msgs/msg/_package_CenterJointsGoal.lisp
Symlinking /home/CAD/butai01/ws/devel/share/common-lisp/ros/bio_ik_msgs/msg/_package_ConeGoal.lisp
Symlinking /home/CAD/butai01/ws/devel/share/common-lisp/ros/bio_ik_msgs/msg/PoseGoal.lisp
Symlinking /home/CAD/butai01/ws/devel/share/roseus/ros/bio_ik_msgs/manifest.l
Symlinking /home/CAD/butai01/ws/devel/share/roseus/ros/bio_ik_msgs/srv/GetIK.l
Symlinking /home/CAD/butai01/ws/devel/share/roseus/ros/bio_ik_msgs/msg/IKResponse.l
Symlinking /home/CAD/butai01/ws/devel/share/roseus/ros/bio_ik_msgs/msg/DirectionGoal.l
Symlinking /home/CAD/butai01/ws/devel/share/roseus/ros/bio_ik_msgs/msg/SideGoal.l
Symlinking /home/CAD/butai01/ws/devel/share/roseus/ros/bio_ik_msgs/msg/ConeGoal.l
Symlinking /home/CAD/butai01/ws/devel/share/roseus/ros/bio_ik_msgs/msg/TouchGoal.l
Symlinking /home/CAD/butai01/ws/devel/share/roseus/ros/bio_ik_msgs/msg/LookAtGoal.l
Symlinking /home/CAD/butai01/ws/devel/share/roseus/ros/bio_ik_msgs/msg/CenterJointsGoal.l
Symlinking /home/CAD/butai01/ws/devel/share/roseus/ros/bio_ik_msgs/msg/AvoidJointLimitsGoal.l
Symlinking /home/CAD/butai01/ws/devel/share/roseus/ros/bio_ik_msgs/msg/BalanceGoal.l
Symlinking /home/CAD/butai01/ws/devel/share/roseus/ros/bio_ik_msgs/msg/IKRequest.l
Symlinking /home/CAD/butai01/ws/devel/share/roseus/ros/bio_ik_msgs/msg/LineGoal.l
Symlinking /home/CAD/butai01/ws/devel/share/roseus/ros/bio_ik_msgs/msg/OrientationGoal.l
Symlinking /home/CAD/butai01/ws/devel/share/roseus/ros/bio_ik_msgs/msg/MaxDistanceGoal.l
Symlinking /home/CAD/butai01/ws/devel/share/roseus/ros/bio_ik_msgs/msg/MinDistanceGoal.l
Symlinking /home/CAD/butai01/ws/devel/share/roseus/ros/bio_ik_msgs/msg/PositionGoal.l
Symlinking /home/CAD/butai01/ws/devel/share/roseus/ros/bio_ik_msgs/msg/PoseGoal.l
Symlinking /home/CAD/butai01/ws/devel/share/roseus/ros/bio_ik_msgs/msg/MinimalDisplacementGoal.l
Symlinking /home/CAD/butai01/ws/devel/share/roseus/ros/bio_ik_msgs/msg/JointVariableGoal.l
Symlinking /home/CAD/butai01/ws/devel/share/gennodejs/ros/bio_ik_msgs/_index.js
Symlinking /home/CAD/butai01/ws/devel/share/gennodejs/ros/bio_ik_msgs/srv/GetIK.js
Symlinking /home/CAD/butai01/ws/devel/share/gennodejs/ros/bio_ik_msgs/srv/_index.js
Symlinking /home/CAD/butai01/ws/devel/share/gennodejs/ros/bio_ik_msgs/msg/LineGoal.js
Symlinking /home/CAD/butai01/ws/devel/share/gennodejs/ros/bio_ik_msgs/msg/DirectionGoal.js
Symlinking /home/CAD/butai01/ws/devel/share/gennodejs/ros/bio_ik_msgs/msg/OrientationGoal.js
Symlinking /home/CAD/butai01/ws/devel/share/gennodejs/ros/bio_ik_msgs/msg/AvoidJointLimitsGoal.js
Symlinking /home/CAD/butai01/ws/devel/share/gennodejs/ros/bio_ik_msgs/msg/ConeGoal.js
Symlinking /home/CAD/butai01/ws/devel/share/gennodejs/ros/bio_ik_msgs/msg/JointVariableGoal.js
Symlinking /home/CAD/butai01/ws/devel/share/gennodejs/ros/bio_ik_msgs/msg/LookAtGoal.js
Symlinking /home/CAD/butai01/ws/devel/share/gennodejs/ros/bio_ik_msgs/msg/MinimalDisplacementGoal.js
Symlinking /home/CAD/butai01/ws/devel/share/gennodejs/ros/bio_ik_msgs/msg/PositionGoal.js
Symlinking /home/CAD/butai01/ws/devel/share/gennodejs/ros/bio_ik_msgs/msg/IKResponse.js
Symlinking /home/CAD/butai01/ws/devel/share/gennodejs/ros/bio_ik_msgs/msg/BalanceGoal.js
Symlinking /home/CAD/butai01/ws/devel/share/gennodejs/ros/bio_ik_msgs/msg/PoseGoal.js
Symlinking /home/CAD/butai01/ws/devel/share/gennodejs/ros/bio_ik_msgs/msg/CenterJointsGoal.js
Symlinking /home/CAD/butai01/ws/devel/share/gennodejs/ros/bio_ik_msgs/msg/SideGoal.js
Symlinking /home/CAD/butai01/ws/devel/share/gennodejs/ros/bio_ik_msgs/msg/IKRequest.js
Symlinking /home/CAD/butai01/ws/devel/share/gennodejs/ros/bio_ik_msgs/msg/_index.js
Symlinking /home/CAD/butai01/ws/devel/share/gennodejs/ros/bio_ik_msgs/msg/MinDistanceGoal.js
Symlinking /home/CAD/butai01/ws/devel/share/gennodejs/ros/bio_ik_msgs/msg/TouchGoal.js
Symlinking /home/CAD/butai01/ws/devel/share/gennodejs/ros/bio_ik_msgs/msg/MaxDistanceGoal.js
Symlinking /home/CAD/butai01/ws/devel/include/bio_ik_msgs/GetIKRequest.h
Symlinking /home/CAD/butai01/ws/devel/include/bio_ik_msgs/SideGoal.h
Symlinking /home/CAD/butai01/ws/devel/include/bio_ik_msgs/BalanceGoal.h
Symlinking /home/CAD/butai01/ws/devel/include/bio_ik_msgs/CenterJointsGoal.h
Symlinking /home/CAD/butai01/ws/devel/include/bio_ik_msgs/ConeGoal.h
Symlinking /home/CAD/butai01/ws/devel/include/bio_ik_msgs/LineGoal.h
Symlinking /home/CAD/butai01/ws/devel/include/bio_ik_msgs/PoseGoal.h
Symlinking /home/CAD/butai01/ws/devel/include/bio_ik_msgs/GetIK.h
Symlinking /home/CAD/butai01/ws/devel/include/bio_ik_msgs/MinDistanceGoal.h
Symlinking /home/CAD/butai01/ws/devel/include/bio_ik_msgs/OrientationGoal.h
Symlinking /home/CAD/butai01/ws/devel/include/bio_ik_msgs/PositionGoal.h
Symlinking /home/CAD/butai01/ws/devel/include/bio_ik_msgs/DirectionGoal.h
Symlinking /home/CAD/butai01/ws/devel/include/bio_ik_msgs/IKResponse.h
Symlinking /home/CAD/butai01/ws/devel/include/bio_ik_msgs/IKRequest.h
Symlinking /home/CAD/butai01/ws/devel/include/bio_ik_msgs/MaxDistanceGoal.h
Symlinking /home/CAD/butai01/ws/devel/include/bio_ik_msgs/TouchGoal.h
Symlinking /home/CAD/butai01/ws/devel/include/bio_ik_msgs/AvoidJointLimitsGoal.h
Symlinking /home/CAD/butai01/ws/devel/include/bio_ik_msgs/LookAtGoal.h
Symlinking /home/CAD/butai01/ws/devel/include/bio_ik_msgs/GetIKResponse.h
Symlinking /home/CAD/butai01/ws/devel/include/bio_ik_msgs/JointVariableGoal.h
Symlinking /home/CAD/butai01/ws/devel/include/bio_ik_msgs/MinimalDisplacementGoal.h
Symlinking /home/CAD/butai01/ws/devel/lib/pkgconfig/bio_ik_msgs.pc
Symlinking /home/CAD/butai01/ws/devel/lib/python2.7/dist-packages/bio_ik_msgs/__init__.py
Symlinking /home/CAD/butai01/ws/devel/lib/python2.7/dist-packages/bio_ik_msgs/srv/_GetIK.py
Symlinking /home/CAD/butai01/ws/devel/lib/python2.7/dist-packages/bio_ik_msgs/srv/__init__.py
Symlinking /home/CAD/butai01/ws/devel/lib/python2.7/dist-packages/bio_ik_msgs/msg/_DirectionGoal.py
Symlinking /home/CAD/butai01/ws/devel/lib/python2.7/dist-packages/bio_ik_msgs/msg/_BalanceGoal.py
Symlinking /home/CAD/butai01/ws/devel/lib/python2.7/dist-packages/bio_ik_msgs/msg/_IKRequest.py
Symlinking /home/CAD/butai01/ws/devel/lib/python2.7/dist-packages/bio_ik_msgs/msg/_CenterJointsGoal.py
Symlinking /home/CAD/butai01/ws/devel/lib/python2.7/dist-packages/bio_ik_msgs/msg/_LookAtGoal.py
Symlinking /home/CAD/butai01/ws/devel/lib/python2.7/dist-packages/bio_ik_msgs/msg/_OrientationGoal.py
Symlinking /home/CAD/butai01/ws/devel/lib/python2.7/dist-packages/bio_ik_msgs/msg/_JointVariableGoal.py
Symlinking /home/CAD/butai01/ws/devel/lib/python2.7/dist-packages/bio_ik_msgs/msg/_MinimalDisplacementGoal.py
Symlinking /home/CAD/butai01/ws/devel/lib/python2.7/dist-packages/bio_ik_msgs/msg/_IKResponse.py
Symlinking /home/CAD/butai01/ws/devel/lib/python2.7/dist-packages/bio_ik_msgs/msg/_PoseGoal.py
Symlinking /home/CAD/butai01/ws/devel/lib/python2.7/dist-packages/bio_ik_msgs/msg/_LineGoal.py
Symlinking /home/CAD/butai01/ws/devel/lib/python2.7/dist-packages/bio_ik_msgs/msg/_ConeGoal.py
Symlinking /home/CAD/butai01/ws/devel/lib/python2.7/dist-packages/bio_ik_msgs/msg/_PositionGoal.py
Symlinking /home/CAD/butai01/ws/devel/lib/python2.7/dist-packages/bio_ik_msgs/msg/_TouchGoal.py
Symlinking /home/CAD/butai01/ws/devel/lib/python2.7/dist-packages/bio_ik_msgs/msg/_SideGoal.py
Symlinking /home/CAD/butai01/ws/devel/lib/python2.7/dist-packages/bio_ik_msgs/msg/_MaxDistanceGoal.py
Symlinking /home/CAD/butai01/ws/devel/lib/python2.7/dist-packages/bio_ik_msgs/msg/_AvoidJointLimitsGoal.py
Symlinking /home/CAD/butai01/ws/devel/lib/python2.7/dist-packages/bio_ik_msgs/msg/__init__.py
Symlinking /home/CAD/butai01/ws/devel/lib/python2.7/dist-packages/bio_ik_msgs/msg/_MinDistanceGoal.py
