Linked: (/home/CAD/butai01/ws/devel/.private/bio_ik_msgs/share/bio_ik_msgs/cmake/bio_ik_msgsConfig-version.cmake, /home/CAD/butai01/ws/devel/share/bio_ik_msgs/cmake/bio_ik_msgsConfig-version.cmake)
Linked: (/home/CAD/butai01/ws/devel/.private/bio_ik_msgs/share/bio_ik_msgs/cmake/bio_ik_msgs-msg-paths.cmake, /home/CAD/butai01/ws/devel/share/bio_ik_msgs/cmake/bio_ik_msgs-msg-paths.cmake)
Linked: (/home/CAD/butai01/ws/devel/.private/bio_ik_msgs/share/bio_ik_msgs/cmake/bio_ik_msgsConfig.cmake, /home/CAD/butai01/ws/devel/share/bio_ik_msgs/cmake/bio_ik_msgsConfig.cmake)
Linked: (/home/CAD/butai01/ws/devel/.private/bio_ik_msgs/share/bio_ik_msgs/cmake/bio_ik_msgs-msg-extras.cmake, /home/CAD/butai01/ws/devel/share/bio_ik_msgs/cmake/bio_ik_msgs-msg-extras.cmake)
Linked: (/home/CAD/butai01/ws/devel/.private/bio_ik_msgs/share/common-lisp/ros/bio_ik_msgs/srv/bio_ik_msgs-srv.asd, /home/CAD/butai01/ws/devel/share/common-lisp/ros/bio_ik_msgs/srv/bio_ik_msgs-srv.asd)
Linked: (/home/CAD/butai01/ws/devel/.private/bio_ik_msgs/share/common-lisp/ros/bio_ik_msgs/srv/_package.lisp, /home/CAD/butai01/ws/devel/share/common-lisp/ros/bio_ik_msgs/srv/_package.lisp)
Linked: (/home/CAD/butai01/ws/devel/.private/bio_ik_msgs/share/common-lisp/ros/bio_ik_msgs/srv/GetIK.lisp, /home/CAD/butai01/ws/devel/share/common-lisp/ros/bio_ik_msgs/srv/GetIK.lisp)
Linked: (/home/CAD/butai01/ws/devel/.private/bio_ik_msgs/share/common-lisp/ros/bio_ik_msgs/srv/_package_GetIK.lisp, /home/CAD/butai01/ws/devel/share/common-lisp/ros/bio_ik_msgs/srv/_package_GetIK.lisp)
Linked: (/home/CAD/butai01/ws/devel/.private/bio_ik_msgs/share/common-lisp/ros/bio_ik_msgs/msg/JointVariableGoal.lisp, /home/CAD/butai01/ws/devel/share/common-lisp/ros/bio_ik_msgs/msg/JointVariableGoal.lisp)
Linked: (/home/CAD/butai01/ws/devel/.private/bio_ik_msgs/share/common-lisp/ros/bio_ik_msgs/msg/LineGoal.lisp, /home/CAD/butai01/ws/devel/share/common-lisp/ros/bio_ik_msgs/msg/LineGoal.lisp)
Linked: (/home/CAD/butai01/ws/devel/.private/bio_ik_msgs/share/common-lisp/ros/bio_ik_msgs/msg/SideGoal.lisp, /home/CAD/butai01/ws/devel/share/common-lisp/ros/bio_ik_msgs/msg/SideGoal.lisp)
Linked: (/home/CAD/butai01/ws/devel/.private/bio_ik_msgs/share/common-lisp/ros/bio_ik_msgs/msg/_package_TouchGoal.lisp, /home/CAD/butai01/ws/devel/share/common-lisp/ros/bio_ik_msgs/msg/_package_TouchGoal.lisp)
Linked: (/home/CAD/butai01/ws/devel/.private/bio_ik_msgs/share/common-lisp/ros/bio_ik_msgs/msg/MinimalDisplacementGoal.lisp, /home/CAD/butai01/ws/devel/share/common-lisp/ros/bio_ik_msgs/msg/MinimalDisplacementGoal.lisp)
Linked: (/home/CAD/butai01/ws/devel/.private/bio_ik_msgs/share/common-lisp/ros/bio_ik_msgs/msg/bio_ik_msgs-msg.asd, /home/CAD/butai01/ws/devel/share/common-lisp/ros/bio_ik_msgs/msg/bio_ik_msgs-msg.asd)
Linked: (/home/CAD/butai01/ws/devel/.private/bio_ik_msgs/share/common-lisp/ros/bio_ik_msgs/msg/_package_PoseGoal.lisp, /home/CAD/butai01/ws/devel/share/common-lisp/ros/bio_ik_msgs/msg/_package_PoseGoal.lisp)
Linked: (/home/CAD/butai01/ws/devel/.private/bio_ik_msgs/share/common-lisp/ros/bio_ik_msgs/msg/CenterJointsGoal.lisp, /home/CAD/butai01/ws/devel/share/common-lisp/ros/bio_ik_msgs/msg/CenterJointsGoal.lisp)
Linked: (/home/CAD/butai01/ws/devel/.private/bio_ik_msgs/share/common-lisp/ros/bio_ik_msgs/msg/_package_OrientationGoal.lisp, /home/CAD/butai01/ws/devel/share/common-lisp/ros/bio_ik_msgs/msg/_package_OrientationGoal.lisp)
Linked: (/home/CAD/butai01/ws/devel/.private/bio_ik_msgs/share/common-lisp/ros/bio_ik_msgs/msg/IKResponse.lisp, /home/CAD/butai01/ws/devel/share/common-lisp/ros/bio_ik_msgs/msg/IKResponse.lisp)
Linked: (/home/CAD/butai01/ws/devel/.private/bio_ik_msgs/share/common-lisp/ros/bio_ik_msgs/msg/TouchGoal.lisp, /home/CAD/butai01/ws/devel/share/common-lisp/ros/bio_ik_msgs/msg/TouchGoal.lisp)
Linked: (/home/CAD/butai01/ws/devel/.private/bio_ik_msgs/share/common-lisp/ros/bio_ik_msgs/msg/BalanceGoal.lisp, /home/CAD/butai01/ws/devel/share/common-lisp/ros/bio_ik_msgs/msg/BalanceGoal.lisp)
Linked: (/home/CAD/butai01/ws/devel/.private/bio_ik_msgs/share/common-lisp/ros/bio_ik_msgs/msg/_package_BalanceGoal.lisp, /home/CAD/butai01/ws/devel/share/common-lisp/ros/bio_ik_msgs/msg/_package_BalanceGoal.lisp)
Linked: (/home/CAD/butai01/ws/devel/.private/bio_ik_msgs/share/common-lisp/ros/bio_ik_msgs/msg/_package_LookAtGoal.lisp, /home/CAD/butai01/ws/devel/share/common-lisp/ros/bio_ik_msgs/msg/_package_LookAtGoal.lisp)
Linked: (/home/CAD/butai01/ws/devel/.private/bio_ik_msgs/share/common-lisp/ros/bio_ik_msgs/msg/_package_DirectionGoal.lisp, /home/CAD/butai01/ws/devel/share/common-lisp/ros/bio_ik_msgs/msg/_package_DirectionGoal.lisp)
Linked: (/home/CAD/butai01/ws/devel/.private/bio_ik_msgs/share/common-lisp/ros/bio_ik_msgs/msg/_package_MinDistanceGoal.lisp, /home/CAD/butai01/ws/devel/share/common-lisp/ros/bio_ik_msgs/msg/_package_MinDistanceGoal.lisp)
Linked: (/home/CAD/butai01/ws/devel/.private/bio_ik_msgs/share/common-lisp/ros/bio_ik_msgs/msg/_package_MaxDistanceGoal.lisp, /home/CAD/butai01/ws/devel/share/common-lisp/ros/bio_ik_msgs/msg/_package_MaxDistanceGoal.lisp)
Linked: (/home/CAD/butai01/ws/devel/.private/bio_ik_msgs/share/common-lisp/ros/bio_ik_msgs/msg/_package_SideGoal.lisp, /home/CAD/butai01/ws/devel/share/common-lisp/ros/bio_ik_msgs/msg/_package_SideGoal.lisp)
Linked: (/home/CAD/butai01/ws/devel/.private/bio_ik_msgs/share/common-lisp/ros/bio_ik_msgs/msg/MinDistanceGoal.lisp, /home/CAD/butai01/ws/devel/share/common-lisp/ros/bio_ik_msgs/msg/MinDistanceGoal.lisp)
Linked: (/home/CAD/butai01/ws/devel/.private/bio_ik_msgs/share/common-lisp/ros/bio_ik_msgs/msg/_package_IKRequest.lisp, /home/CAD/butai01/ws/devel/share/common-lisp/ros/bio_ik_msgs/msg/_package_IKRequest.lisp)
Linked: (/home/CAD/butai01/ws/devel/.private/bio_ik_msgs/share/common-lisp/ros/bio_ik_msgs/msg/ConeGoal.lisp, /home/CAD/butai01/ws/devel/share/common-lisp/ros/bio_ik_msgs/msg/ConeGoal.lisp)
Linked: (/home/CAD/butai01/ws/devel/.private/bio_ik_msgs/share/common-lisp/ros/bio_ik_msgs/msg/_package_IKResponse.lisp, /home/CAD/butai01/ws/devel/share/common-lisp/ros/bio_ik_msgs/msg/_package_IKResponse.lisp)
Linked: (/home/CAD/butai01/ws/devel/.private/bio_ik_msgs/share/common-lisp/ros/bio_ik_msgs/msg/_package_LineGoal.lisp, /home/CAD/butai01/ws/devel/share/common-lisp/ros/bio_ik_msgs/msg/_package_LineGoal.lisp)
Linked: (/home/CAD/butai01/ws/devel/.private/bio_ik_msgs/share/common-lisp/ros/bio_ik_msgs/msg/_package.lisp, /home/CAD/butai01/ws/devel/share/common-lisp/ros/bio_ik_msgs/msg/_package.lisp)
Linked: (/home/CAD/butai01/ws/devel/.private/bio_ik_msgs/share/common-lisp/ros/bio_ik_msgs/msg/MaxDistanceGoal.lisp, /home/CAD/butai01/ws/devel/share/common-lisp/ros/bio_ik_msgs/msg/MaxDistanceGoal.lisp)
Linked: (/home/CAD/butai01/ws/devel/.private/bio_ik_msgs/share/common-lisp/ros/bio_ik_msgs/msg/_package_JointVariableGoal.lisp, /home/CAD/butai01/ws/devel/share/common-lisp/ros/bio_ik_msgs/msg/_package_JointVariableGoal.lisp)
Linked: (/home/CAD/butai01/ws/devel/.private/bio_ik_msgs/share/common-lisp/ros/bio_ik_msgs/msg/LookAtGoal.lisp, /home/CAD/butai01/ws/devel/share/common-lisp/ros/bio_ik_msgs/msg/LookAtGoal.lisp)
Linked: (/home/CAD/butai01/ws/devel/.private/bio_ik_msgs/share/common-lisp/ros/bio_ik_msgs/msg/_package_MinimalDisplacementGoal.lisp, /home/CAD/butai01/ws/devel/share/common-lisp/ros/bio_ik_msgs/msg/_package_MinimalDisplacementGoal.lisp)
Linked: (/home/CAD/butai01/ws/devel/.private/bio_ik_msgs/share/common-lisp/ros/bio_ik_msgs/msg/DirectionGoal.lisp, /home/CAD/butai01/ws/devel/share/common-lisp/ros/bio_ik_msgs/msg/DirectionGoal.lisp)
Linked: (/home/CAD/butai01/ws/devel/.private/bio_ik_msgs/share/common-lisp/ros/bio_ik_msgs/msg/PositionGoal.lisp, /home/CAD/butai01/ws/devel/share/common-lisp/ros/bio_ik_msgs/msg/PositionGoal.lisp)
Linked: (/home/CAD/butai01/ws/devel/.private/bio_ik_msgs/share/common-lisp/ros/bio_ik_msgs/msg/_package_PositionGoal.lisp, /home/CAD/butai01/ws/devel/share/common-lisp/ros/bio_ik_msgs/msg/_package_PositionGoal.lisp)
Linked: (/home/CAD/butai01/ws/devel/.private/bio_ik_msgs/share/common-lisp/ros/bio_ik_msgs/msg/IKRequest.lisp, /home/CAD/butai01/ws/devel/share/common-lisp/ros/bio_ik_msgs/msg/IKRequest.lisp)
Linked: (/home/CAD/butai01/ws/devel/.private/bio_ik_msgs/share/common-lisp/ros/bio_ik_msgs/msg/OrientationGoal.lisp, /home/CAD/butai01/ws/devel/share/common-lisp/ros/bio_ik_msgs/msg/OrientationGoal.lisp)
Linked: (/home/CAD/butai01/ws/devel/.private/bio_ik_msgs/share/common-lisp/ros/bio_ik_msgs/msg/AvoidJointLimitsGoal.lisp, /home/CAD/butai01/ws/devel/share/common-lisp/ros/bio_ik_msgs/msg/AvoidJointLimitsGoal.lisp)
Linked: (/home/CAD/butai01/ws/devel/.private/bio_ik_msgs/share/common-lisp/ros/bio_ik_msgs/msg/_package_AvoidJointLimitsGoal.lisp, /home/CAD/butai01/ws/devel/share/common-lisp/ros/bio_ik_msgs/msg/_package_AvoidJointLimitsGoal.lisp)
Linked: (/home/CAD/butai01/ws/devel/.private/bio_ik_msgs/share/common-lisp/ros/bio_ik_msgs/msg/_package_CenterJointsGoal.lisp, /home/CAD/butai01/ws/devel/share/common-lisp/ros/bio_ik_msgs/msg/_package_CenterJointsGoal.lisp)
Linked: (/home/CAD/butai01/ws/devel/.private/bio_ik_msgs/share/common-lisp/ros/bio_ik_msgs/msg/_package_ConeGoal.lisp, /home/CAD/butai01/ws/devel/share/common-lisp/ros/bio_ik_msgs/msg/_package_ConeGoal.lisp)
Linked: (/home/CAD/butai01/ws/devel/.private/bio_ik_msgs/share/common-lisp/ros/bio_ik_msgs/msg/PoseGoal.lisp, /home/CAD/butai01/ws/devel/share/common-lisp/ros/bio_ik_msgs/msg/PoseGoal.lisp)
Linked: (/home/CAD/butai01/ws/devel/.private/bio_ik_msgs/share/roseus/ros/bio_ik_msgs/manifest.l, /home/CAD/butai01/ws/devel/share/roseus/ros/bio_ik_msgs/manifest.l)
Linked: (/home/CAD/butai01/ws/devel/.private/bio_ik_msgs/share/roseus/ros/bio_ik_msgs/srv/GetIK.l, /home/CAD/butai01/ws/devel/share/roseus/ros/bio_ik_msgs/srv/GetIK.l)
Linked: (/home/CAD/butai01/ws/devel/.private/bio_ik_msgs/share/roseus/ros/bio_ik_msgs/msg/IKResponse.l, /home/CAD/butai01/ws/devel/share/roseus/ros/bio_ik_msgs/msg/IKResponse.l)
Linked: (/home/CAD/butai01/ws/devel/.private/bio_ik_msgs/share/roseus/ros/bio_ik_msgs/msg/DirectionGoal.l, /home/CAD/butai01/ws/devel/share/roseus/ros/bio_ik_msgs/msg/DirectionGoal.l)
Linked: (/home/CAD/butai01/ws/devel/.private/bio_ik_msgs/share/roseus/ros/bio_ik_msgs/msg/SideGoal.l, /home/CAD/butai01/ws/devel/share/roseus/ros/bio_ik_msgs/msg/SideGoal.l)
Linked: (/home/CAD/butai01/ws/devel/.private/bio_ik_msgs/share/roseus/ros/bio_ik_msgs/msg/ConeGoal.l, /home/CAD/butai01/ws/devel/share/roseus/ros/bio_ik_msgs/msg/ConeGoal.l)
Linked: (/home/CAD/butai01/ws/devel/.private/bio_ik_msgs/share/roseus/ros/bio_ik_msgs/msg/TouchGoal.l, /home/CAD/butai01/ws/devel/share/roseus/ros/bio_ik_msgs/msg/TouchGoal.l)
Linked: (/home/CAD/butai01/ws/devel/.private/bio_ik_msgs/share/roseus/ros/bio_ik_msgs/msg/LookAtGoal.l, /home/CAD/butai01/ws/devel/share/roseus/ros/bio_ik_msgs/msg/LookAtGoal.l)
Linked: (/home/CAD/butai01/ws/devel/.private/bio_ik_msgs/share/roseus/ros/bio_ik_msgs/msg/CenterJointsGoal.l, /home/CAD/butai01/ws/devel/share/roseus/ros/bio_ik_msgs/msg/CenterJointsGoal.l)
Linked: (/home/CAD/butai01/ws/devel/.private/bio_ik_msgs/share/roseus/ros/bio_ik_msgs/msg/AvoidJointLimitsGoal.l, /home/CAD/butai01/ws/devel/share/roseus/ros/bio_ik_msgs/msg/AvoidJointLimitsGoal.l)
Linked: (/home/CAD/butai01/ws/devel/.private/bio_ik_msgs/share/roseus/ros/bio_ik_msgs/msg/BalanceGoal.l, /home/CAD/butai01/ws/devel/share/roseus/ros/bio_ik_msgs/msg/BalanceGoal.l)
Linked: (/home/CAD/butai01/ws/devel/.private/bio_ik_msgs/share/roseus/ros/bio_ik_msgs/msg/IKRequest.l, /home/CAD/butai01/ws/devel/share/roseus/ros/bio_ik_msgs/msg/IKRequest.l)
Linked: (/home/CAD/butai01/ws/devel/.private/bio_ik_msgs/share/roseus/ros/bio_ik_msgs/msg/LineGoal.l, /home/CAD/butai01/ws/devel/share/roseus/ros/bio_ik_msgs/msg/LineGoal.l)
Linked: (/home/CAD/butai01/ws/devel/.private/bio_ik_msgs/share/roseus/ros/bio_ik_msgs/msg/OrientationGoal.l, /home/CAD/butai01/ws/devel/share/roseus/ros/bio_ik_msgs/msg/OrientationGoal.l)
Linked: (/home/CAD/butai01/ws/devel/.private/bio_ik_msgs/share/roseus/ros/bio_ik_msgs/msg/MaxDistanceGoal.l, /home/CAD/butai01/ws/devel/share/roseus/ros/bio_ik_msgs/msg/MaxDistanceGoal.l)
Linked: (/home/CAD/butai01/ws/devel/.private/bio_ik_msgs/share/roseus/ros/bio_ik_msgs/msg/MinDistanceGoal.l, /home/CAD/butai01/ws/devel/share/roseus/ros/bio_ik_msgs/msg/MinDistanceGoal.l)
Linked: (/home/CAD/butai01/ws/devel/.private/bio_ik_msgs/share/roseus/ros/bio_ik_msgs/msg/PositionGoal.l, /home/CAD/butai01/ws/devel/share/roseus/ros/bio_ik_msgs/msg/PositionGoal.l)
Linked: (/home/CAD/butai01/ws/devel/.private/bio_ik_msgs/share/roseus/ros/bio_ik_msgs/msg/PoseGoal.l, /home/CAD/butai01/ws/devel/share/roseus/ros/bio_ik_msgs/msg/PoseGoal.l)
Linked: (/home/CAD/butai01/ws/devel/.private/bio_ik_msgs/share/roseus/ros/bio_ik_msgs/msg/MinimalDisplacementGoal.l, /home/CAD/butai01/ws/devel/share/roseus/ros/bio_ik_msgs/msg/MinimalDisplacementGoal.l)
Linked: (/home/CAD/butai01/ws/devel/.private/bio_ik_msgs/share/roseus/ros/bio_ik_msgs/msg/JointVariableGoal.l, /home/CAD/butai01/ws/devel/share/roseus/ros/bio_ik_msgs/msg/JointVariableGoal.l)
Linked: (/home/CAD/butai01/ws/devel/.private/bio_ik_msgs/share/gennodejs/ros/bio_ik_msgs/_index.js, /home/CAD/butai01/ws/devel/share/gennodejs/ros/bio_ik_msgs/_index.js)
Linked: (/home/CAD/butai01/ws/devel/.private/bio_ik_msgs/share/gennodejs/ros/bio_ik_msgs/srv/GetIK.js, /home/CAD/butai01/ws/devel/share/gennodejs/ros/bio_ik_msgs/srv/GetIK.js)
Linked: (/home/CAD/butai01/ws/devel/.private/bio_ik_msgs/share/gennodejs/ros/bio_ik_msgs/srv/_index.js, /home/CAD/butai01/ws/devel/share/gennodejs/ros/bio_ik_msgs/srv/_index.js)
Linked: (/home/CAD/butai01/ws/devel/.private/bio_ik_msgs/share/gennodejs/ros/bio_ik_msgs/msg/LineGoal.js, /home/CAD/butai01/ws/devel/share/gennodejs/ros/bio_ik_msgs/msg/LineGoal.js)
Linked: (/home/CAD/butai01/ws/devel/.private/bio_ik_msgs/share/gennodejs/ros/bio_ik_msgs/msg/DirectionGoal.js, /home/CAD/butai01/ws/devel/share/gennodejs/ros/bio_ik_msgs/msg/DirectionGoal.js)
Linked: (/home/CAD/butai01/ws/devel/.private/bio_ik_msgs/share/gennodejs/ros/bio_ik_msgs/msg/OrientationGoal.js, /home/CAD/butai01/ws/devel/share/gennodejs/ros/bio_ik_msgs/msg/OrientationGoal.js)
Linked: (/home/CAD/butai01/ws/devel/.private/bio_ik_msgs/share/gennodejs/ros/bio_ik_msgs/msg/AvoidJointLimitsGoal.js, /home/CAD/butai01/ws/devel/share/gennodejs/ros/bio_ik_msgs/msg/AvoidJointLimitsGoal.js)
Linked: (/home/CAD/butai01/ws/devel/.private/bio_ik_msgs/share/gennodejs/ros/bio_ik_msgs/msg/ConeGoal.js, /home/CAD/butai01/ws/devel/share/gennodejs/ros/bio_ik_msgs/msg/ConeGoal.js)
Linked: (/home/CAD/butai01/ws/devel/.private/bio_ik_msgs/share/gennodejs/ros/bio_ik_msgs/msg/JointVariableGoal.js, /home/CAD/butai01/ws/devel/share/gennodejs/ros/bio_ik_msgs/msg/JointVariableGoal.js)
Linked: (/home/CAD/butai01/ws/devel/.private/bio_ik_msgs/share/gennodejs/ros/bio_ik_msgs/msg/LookAtGoal.js, /home/CAD/butai01/ws/devel/share/gennodejs/ros/bio_ik_msgs/msg/LookAtGoal.js)
Linked: (/home/CAD/butai01/ws/devel/.private/bio_ik_msgs/share/gennodejs/ros/bio_ik_msgs/msg/MinimalDisplacementGoal.js, /home/CAD/butai01/ws/devel/share/gennodejs/ros/bio_ik_msgs/msg/MinimalDisplacementGoal.js)
Linked: (/home/CAD/butai01/ws/devel/.private/bio_ik_msgs/share/gennodejs/ros/bio_ik_msgs/msg/PositionGoal.js, /home/CAD/butai01/ws/devel/share/gennodejs/ros/bio_ik_msgs/msg/PositionGoal.js)
Linked: (/home/CAD/butai01/ws/devel/.private/bio_ik_msgs/share/gennodejs/ros/bio_ik_msgs/msg/IKResponse.js, /home/CAD/butai01/ws/devel/share/gennodejs/ros/bio_ik_msgs/msg/IKResponse.js)
Linked: (/home/CAD/butai01/ws/devel/.private/bio_ik_msgs/share/gennodejs/ros/bio_ik_msgs/msg/BalanceGoal.js, /home/CAD/butai01/ws/devel/share/gennodejs/ros/bio_ik_msgs/msg/BalanceGoal.js)
Linked: (/home/CAD/butai01/ws/devel/.private/bio_ik_msgs/share/gennodejs/ros/bio_ik_msgs/msg/PoseGoal.js, /home/CAD/butai01/ws/devel/share/gennodejs/ros/bio_ik_msgs/msg/PoseGoal.js)
Linked: (/home/CAD/butai01/ws/devel/.private/bio_ik_msgs/share/gennodejs/ros/bio_ik_msgs/msg/CenterJointsGoal.js, /home/CAD/butai01/ws/devel/share/gennodejs/ros/bio_ik_msgs/msg/CenterJointsGoal.js)
Linked: (/home/CAD/butai01/ws/devel/.private/bio_ik_msgs/share/gennodejs/ros/bio_ik_msgs/msg/SideGoal.js, /home/CAD/butai01/ws/devel/share/gennodejs/ros/bio_ik_msgs/msg/SideGoal.js)
Linked: (/home/CAD/butai01/ws/devel/.private/bio_ik_msgs/share/gennodejs/ros/bio_ik_msgs/msg/IKRequest.js, /home/CAD/butai01/ws/devel/share/gennodejs/ros/bio_ik_msgs/msg/IKRequest.js)
Linked: (/home/CAD/butai01/ws/devel/.private/bio_ik_msgs/share/gennodejs/ros/bio_ik_msgs/msg/_index.js, /home/CAD/butai01/ws/devel/share/gennodejs/ros/bio_ik_msgs/msg/_index.js)
Linked: (/home/CAD/butai01/ws/devel/.private/bio_ik_msgs/share/gennodejs/ros/bio_ik_msgs/msg/MinDistanceGoal.js, /home/CAD/butai01/ws/devel/share/gennodejs/ros/bio_ik_msgs/msg/MinDistanceGoal.js)
Linked: (/home/CAD/butai01/ws/devel/.private/bio_ik_msgs/share/gennodejs/ros/bio_ik_msgs/msg/TouchGoal.js, /home/CAD/butai01/ws/devel/share/gennodejs/ros/bio_ik_msgs/msg/TouchGoal.js)
Linked: (/home/CAD/butai01/ws/devel/.private/bio_ik_msgs/share/gennodejs/ros/bio_ik_msgs/msg/MaxDistanceGoal.js, /home/CAD/butai01/ws/devel/share/gennodejs/ros/bio_ik_msgs/msg/MaxDistanceGoal.js)
Linked: (/home/CAD/butai01/ws/devel/.private/bio_ik_msgs/include/bio_ik_msgs/GetIKRequest.h, /home/CAD/butai01/ws/devel/include/bio_ik_msgs/GetIKRequest.h)
Linked: (/home/CAD/butai01/ws/devel/.private/bio_ik_msgs/include/bio_ik_msgs/SideGoal.h, /home/CAD/butai01/ws/devel/include/bio_ik_msgs/SideGoal.h)
Linked: (/home/CAD/butai01/ws/devel/.private/bio_ik_msgs/include/bio_ik_msgs/BalanceGoal.h, /home/CAD/butai01/ws/devel/include/bio_ik_msgs/BalanceGoal.h)
Linked: (/home/CAD/butai01/ws/devel/.private/bio_ik_msgs/include/bio_ik_msgs/CenterJointsGoal.h, /home/CAD/butai01/ws/devel/include/bio_ik_msgs/CenterJointsGoal.h)
Linked: (/home/CAD/butai01/ws/devel/.private/bio_ik_msgs/include/bio_ik_msgs/ConeGoal.h, /home/CAD/butai01/ws/devel/include/bio_ik_msgs/ConeGoal.h)
Linked: (/home/CAD/butai01/ws/devel/.private/bio_ik_msgs/include/bio_ik_msgs/LineGoal.h, /home/CAD/butai01/ws/devel/include/bio_ik_msgs/LineGoal.h)
Linked: (/home/CAD/butai01/ws/devel/.private/bio_ik_msgs/include/bio_ik_msgs/PoseGoal.h, /home/CAD/butai01/ws/devel/include/bio_ik_msgs/PoseGoal.h)
Linked: (/home/CAD/butai01/ws/devel/.private/bio_ik_msgs/include/bio_ik_msgs/GetIK.h, /home/CAD/butai01/ws/devel/include/bio_ik_msgs/GetIK.h)
Linked: (/home/CAD/butai01/ws/devel/.private/bio_ik_msgs/include/bio_ik_msgs/MinDistanceGoal.h, /home/CAD/butai01/ws/devel/include/bio_ik_msgs/MinDistanceGoal.h)
Linked: (/home/CAD/butai01/ws/devel/.private/bio_ik_msgs/include/bio_ik_msgs/OrientationGoal.h, /home/CAD/butai01/ws/devel/include/bio_ik_msgs/OrientationGoal.h)
Linked: (/home/CAD/butai01/ws/devel/.private/bio_ik_msgs/include/bio_ik_msgs/PositionGoal.h, /home/CAD/butai01/ws/devel/include/bio_ik_msgs/PositionGoal.h)
Linked: (/home/CAD/butai01/ws/devel/.private/bio_ik_msgs/include/bio_ik_msgs/DirectionGoal.h, /home/CAD/butai01/ws/devel/include/bio_ik_msgs/DirectionGoal.h)
Linked: (/home/CAD/butai01/ws/devel/.private/bio_ik_msgs/include/bio_ik_msgs/IKResponse.h, /home/CAD/butai01/ws/devel/include/bio_ik_msgs/IKResponse.h)
Linked: (/home/CAD/butai01/ws/devel/.private/bio_ik_msgs/include/bio_ik_msgs/IKRequest.h, /home/CAD/butai01/ws/devel/include/bio_ik_msgs/IKRequest.h)
Linked: (/home/CAD/butai01/ws/devel/.private/bio_ik_msgs/include/bio_ik_msgs/MaxDistanceGoal.h, /home/CAD/butai01/ws/devel/include/bio_ik_msgs/MaxDistanceGoal.h)
Linked: (/home/CAD/butai01/ws/devel/.private/bio_ik_msgs/include/bio_ik_msgs/TouchGoal.h, /home/CAD/butai01/ws/devel/include/bio_ik_msgs/TouchGoal.h)
Linked: (/home/CAD/butai01/ws/devel/.private/bio_ik_msgs/include/bio_ik_msgs/AvoidJointLimitsGoal.h, /home/CAD/butai01/ws/devel/include/bio_ik_msgs/AvoidJointLimitsGoal.h)
Linked: (/home/CAD/butai01/ws/devel/.private/bio_ik_msgs/include/bio_ik_msgs/LookAtGoal.h, /home/CAD/butai01/ws/devel/include/bio_ik_msgs/LookAtGoal.h)
Linked: (/home/CAD/butai01/ws/devel/.private/bio_ik_msgs/include/bio_ik_msgs/GetIKResponse.h, /home/CAD/butai01/ws/devel/include/bio_ik_msgs/GetIKResponse.h)
Linked: (/home/CAD/butai01/ws/devel/.private/bio_ik_msgs/include/bio_ik_msgs/JointVariableGoal.h, /home/CAD/butai01/ws/devel/include/bio_ik_msgs/JointVariableGoal.h)
Linked: (/home/CAD/butai01/ws/devel/.private/bio_ik_msgs/include/bio_ik_msgs/MinimalDisplacementGoal.h, /home/CAD/butai01/ws/devel/include/bio_ik_msgs/MinimalDisplacementGoal.h)
Linked: (/home/CAD/butai01/ws/devel/.private/bio_ik_msgs/lib/pkgconfig/bio_ik_msgs.pc, /home/CAD/butai01/ws/devel/lib/pkgconfig/bio_ik_msgs.pc)
Linked: (/home/CAD/butai01/ws/devel/.private/bio_ik_msgs/lib/python2.7/dist-packages/bio_ik_msgs/__init__.py, /home/CAD/butai01/ws/devel/lib/python2.7/dist-packages/bio_ik_msgs/__init__.py)
Linked: (/home/CAD/butai01/ws/devel/.private/bio_ik_msgs/lib/python2.7/dist-packages/bio_ik_msgs/srv/_GetIK.py, /home/CAD/butai01/ws/devel/lib/python2.7/dist-packages/bio_ik_msgs/srv/_GetIK.py)
Linked: (/home/CAD/butai01/ws/devel/.private/bio_ik_msgs/lib/python2.7/dist-packages/bio_ik_msgs/srv/__init__.py, /home/CAD/butai01/ws/devel/lib/python2.7/dist-packages/bio_ik_msgs/srv/__init__.py)
Linked: (/home/CAD/butai01/ws/devel/.private/bio_ik_msgs/lib/python2.7/dist-packages/bio_ik_msgs/msg/_DirectionGoal.py, /home/CAD/butai01/ws/devel/lib/python2.7/dist-packages/bio_ik_msgs/msg/_DirectionGoal.py)
Linked: (/home/CAD/butai01/ws/devel/.private/bio_ik_msgs/lib/python2.7/dist-packages/bio_ik_msgs/msg/_BalanceGoal.py, /home/CAD/butai01/ws/devel/lib/python2.7/dist-packages/bio_ik_msgs/msg/_BalanceGoal.py)
Linked: (/home/CAD/butai01/ws/devel/.private/bio_ik_msgs/lib/python2.7/dist-packages/bio_ik_msgs/msg/_IKRequest.py, /home/CAD/butai01/ws/devel/lib/python2.7/dist-packages/bio_ik_msgs/msg/_IKRequest.py)
Linked: (/home/CAD/butai01/ws/devel/.private/bio_ik_msgs/lib/python2.7/dist-packages/bio_ik_msgs/msg/_CenterJointsGoal.py, /home/CAD/butai01/ws/devel/lib/python2.7/dist-packages/bio_ik_msgs/msg/_CenterJointsGoal.py)
Linked: (/home/CAD/butai01/ws/devel/.private/bio_ik_msgs/lib/python2.7/dist-packages/bio_ik_msgs/msg/_LookAtGoal.py, /home/CAD/butai01/ws/devel/lib/python2.7/dist-packages/bio_ik_msgs/msg/_LookAtGoal.py)
Linked: (/home/CAD/butai01/ws/devel/.private/bio_ik_msgs/lib/python2.7/dist-packages/bio_ik_msgs/msg/_OrientationGoal.py, /home/CAD/butai01/ws/devel/lib/python2.7/dist-packages/bio_ik_msgs/msg/_OrientationGoal.py)
Linked: (/home/CAD/butai01/ws/devel/.private/bio_ik_msgs/lib/python2.7/dist-packages/bio_ik_msgs/msg/_JointVariableGoal.py, /home/CAD/butai01/ws/devel/lib/python2.7/dist-packages/bio_ik_msgs/msg/_JointVariableGoal.py)
Linked: (/home/CAD/butai01/ws/devel/.private/bio_ik_msgs/lib/python2.7/dist-packages/bio_ik_msgs/msg/_MinimalDisplacementGoal.py, /home/CAD/butai01/ws/devel/lib/python2.7/dist-packages/bio_ik_msgs/msg/_MinimalDisplacementGoal.py)
Linked: (/home/CAD/butai01/ws/devel/.private/bio_ik_msgs/lib/python2.7/dist-packages/bio_ik_msgs/msg/_IKResponse.py, /home/CAD/butai01/ws/devel/lib/python2.7/dist-packages/bio_ik_msgs/msg/_IKResponse.py)
Linked: (/home/CAD/butai01/ws/devel/.private/bio_ik_msgs/lib/python2.7/dist-packages/bio_ik_msgs/msg/_PoseGoal.py, /home/CAD/butai01/ws/devel/lib/python2.7/dist-packages/bio_ik_msgs/msg/_PoseGoal.py)
Linked: (/home/CAD/butai01/ws/devel/.private/bio_ik_msgs/lib/python2.7/dist-packages/bio_ik_msgs/msg/_LineGoal.py, /home/CAD/butai01/ws/devel/lib/python2.7/dist-packages/bio_ik_msgs/msg/_LineGoal.py)
Linked: (/home/CAD/butai01/ws/devel/.private/bio_ik_msgs/lib/python2.7/dist-packages/bio_ik_msgs/msg/_ConeGoal.py, /home/CAD/butai01/ws/devel/lib/python2.7/dist-packages/bio_ik_msgs/msg/_ConeGoal.py)
Linked: (/home/CAD/butai01/ws/devel/.private/bio_ik_msgs/lib/python2.7/dist-packages/bio_ik_msgs/msg/_PositionGoal.py, /home/CAD/butai01/ws/devel/lib/python2.7/dist-packages/bio_ik_msgs/msg/_PositionGoal.py)
Linked: (/home/CAD/butai01/ws/devel/.private/bio_ik_msgs/lib/python2.7/dist-packages/bio_ik_msgs/msg/_TouchGoal.py, /home/CAD/butai01/ws/devel/lib/python2.7/dist-packages/bio_ik_msgs/msg/_TouchGoal.py)
Linked: (/home/CAD/butai01/ws/devel/.private/bio_ik_msgs/lib/python2.7/dist-packages/bio_ik_msgs/msg/_SideGoal.py, /home/CAD/butai01/ws/devel/lib/python2.7/dist-packages/bio_ik_msgs/msg/_SideGoal.py)
Linked: (/home/CAD/butai01/ws/devel/.private/bio_ik_msgs/lib/python2.7/dist-packages/bio_ik_msgs/msg/_MaxDistanceGoal.py, /home/CAD/butai01/ws/devel/lib/python2.7/dist-packages/bio_ik_msgs/msg/_MaxDistanceGoal.py)
Linked: (/home/CAD/butai01/ws/devel/.private/bio_ik_msgs/lib/python2.7/dist-packages/bio_ik_msgs/msg/_AvoidJointLimitsGoal.py, /home/CAD/butai01/ws/devel/lib/python2.7/dist-packages/bio_ik_msgs/msg/_AvoidJointLimitsGoal.py)
Linked: (/home/CAD/butai01/ws/devel/.private/bio_ik_msgs/lib/python2.7/dist-packages/bio_ik_msgs/msg/__init__.py, /home/CAD/butai01/ws/devel/lib/python2.7/dist-packages/bio_ik_msgs/msg/__init__.py)
Linked: (/home/CAD/butai01/ws/devel/.private/bio_ik_msgs/lib/python2.7/dist-packages/bio_ik_msgs/msg/_MinDistanceGoal.py, /home/CAD/butai01/ws/devel/lib/python2.7/dist-packages/bio_ik_msgs/msg/_MinDistanceGoal.py)
