[35m[1mScanning dependencies of target _FootstepControl_generate_messages_check_deps_MyState[0m
[35m[1mScanning dependencies of target std_msgs_generate_messages_eus[0m
[35m[1mScanning dependencies of target _FootstepControl_generate_messages_check_deps_SetV[0m
[35m[1mScanning dependencies of target std_msgs_generate_messages_lisp[0m
[35m[1mScanning dependencies of target std_msgs_generate_messages_cpp[0m
[35m[1mScanning dependencies of target std_msgs_generate_messages_py[0m
[35m[1mScanning dependencies of target std_msgs_generate_messages_nodejs[0m
[  0%] Built target std_msgs_generate_messages_lisp
[  0%] Built target std_msgs_generate_messages_cpp
[  0%] Built target std_msgs_generate_messages_nodejs
[  0%] Built target std_msgs_generate_messages_eus
[  0%] Built target std_msgs_generate_messages_py
[  0%] Built target _FootstepControl_generate_messages_check_deps_MyState
[  0%] Built target _FootstepControl_generate_messages_check_deps_SetV
[35m[1mScanning dependencies of target FootstepControl_generate_messages_py[0m
[35m[1mScanning dependencies of target FootstepControl_generate_messages_nodejs[0m
[35m[1mScanning dependencies of target FootstepControl_generate_messages_cpp[0m
[35m[1mScanning dependencies of target FootstepControl_generate_messages_lisp[0m
[35m[1mScanning dependencies of target FootstepControl_generate_messages_eus[0m
[ 15%] Built target FootstepControl_generate_messages_nodejs
[ 30%] Built target FootstepControl_generate_messages_cpp
[ 46%] Built target FootstepControl_generate_messages_lisp
[ 76%] Built target FootstepControl_generate_messages_py
[100%] Built target FootstepControl_generate_messages_eus
[35m[1mScanning dependencies of target FootstepControl_generate_messages[0m
[100%] Built target FootstepControl_generate_messages
