Symlinking /home/CAD/butai01/ws/devel/share/common-lisp/ros/FootstepControl/srv/SetV.lisp
Symlinking /home/CAD/butai01/ws/devel/share/common-lisp/ros/FootstepControl/srv/FootstepControl-srv.asd
Symlinking /home/CAD/butai01/ws/devel/share/common-lisp/ros/FootstepControl/srv/_package.lisp
Symlinking /home/CAD/butai01/ws/devel/share/common-lisp/ros/FootstepControl/srv/_package_SetV.lisp
Symlinking /home/CAD/butai01/ws/devel/share/common-lisp/ros/FootstepControl/msg/_package_MyState.lisp
Symlinking /home/CAD/butai01/ws/devel/share/common-lisp/ros/FootstepControl/msg/FootstepControl-msg.asd
Symlinking /home/CAD/butai01/ws/devel/share/common-lisp/ros/FootstepControl/msg/_package.lisp
Symlinking /home/CAD/butai01/ws/devel/share/common-lisp/ros/FootstepControl/msg/MyState.lisp
Symlinking /home/CAD/butai01/ws/devel/share/roseus/ros/FootstepControl/manifest.l
Symlinking /home/CAD/butai01/ws/devel/share/roseus/ros/FootstepControl/srv/SetV.l
Symlinking /home/CAD/butai01/ws/devel/share/roseus/ros/FootstepControl/msg/MyState.l
Symlinking /home/CAD/butai01/ws/devel/share/gennodejs/ros/FootstepControl/_index.js
Symlinking /home/CAD/butai01/ws/devel/share/gennodejs/ros/FootstepControl/srv/SetV.js
Symlinking /home/CAD/butai01/ws/devel/share/gennodejs/ros/FootstepControl/srv/_index.js
Symlinking /home/CAD/butai01/ws/devel/share/gennodejs/ros/FootstepControl/msg/MyState.js
Symlinking /home/CAD/butai01/ws/devel/share/gennodejs/ros/FootstepControl/msg/_index.js
Symlinking /home/CAD/butai01/ws/devel/share/FootstepControl/cmake/FootstepControlConfig-version.cmake
Symlinking /home/CAD/butai01/ws/devel/share/FootstepControl/cmake/FootstepControl-msg-extras.cmake
Symlinking /home/CAD/butai01/ws/devel/share/FootstepControl/cmake/FootstepControl-msg-paths.cmake
Symlinking /home/CAD/butai01/ws/devel/share/FootstepControl/cmake/FootstepControlConfig.cmake
Symlinking /home/CAD/butai01/ws/devel/include/FootstepControl/SetVRequest.h
Symlinking /home/CAD/butai01/ws/devel/include/FootstepControl/SetVResponse.h
Symlinking /home/CAD/butai01/ws/devel/include/FootstepControl/SetV.h
Symlinking /home/CAD/butai01/ws/devel/include/FootstepControl/MyState.h
Symlinking /home/CAD/butai01/ws/devel/lib/pkgconfig/FootstepControl.pc
Symlinking /home/CAD/butai01/ws/devel/lib/python2.7/dist-packages/FootstepControl/__init__.py
Symlinking /home/CAD/butai01/ws/devel/lib/python2.7/dist-packages/FootstepControl/srv/_SetV.py
Symlinking /home/CAD/butai01/ws/devel/lib/python2.7/dist-packages/FootstepControl/srv/__init__.py
Symlinking /home/CAD/butai01/ws/devel/lib/python2.7/dist-packages/FootstepControl/msg/_MyState.py
Symlinking /home/CAD/butai01/ws/devel/lib/python2.7/dist-packages/FootstepControl/msg/__init__.py
