Determining if the pthread_create exist failed with the following output:
Change Dir: /home/CAD/butai01/ws/build/ik/CMakeFiles/CMakeTmp

Run Build Command:"/usr/bin/make" "cmTC_94a2b/fast"
/usr/bin/make -f CMakeFiles/cmTC_94a2b.dir/build.make CMakeFiles/cmTC_94a2b.dir/build
make[1]: 进入目录“/home/CAD/butai01/ws/build/ik/CMakeFiles/CMakeTmp”
Building C object CMakeFiles/cmTC_94a2b.dir/CheckSymbolExists.c.o
/usr/bin/cc    -o CMakeFiles/cmTC_94a2b.dir/CheckSymbolExists.c.o   -c /home/CAD/butai01/ws/build/ik/CMakeFiles/CMakeTmp/CheckSymbolExists.c
Linking C executable cmTC_94a2b
/usr/bin/cmake -E cmake_link_script CMakeFiles/cmTC_94a2b.dir/link.txt --verbose=1
/usr/bin/cc      -rdynamic CMakeFiles/cmTC_94a2b.dir/CheckSymbolExists.c.o  -o cmTC_94a2b 
CMakeFiles/cmTC_94a2b.dir/CheckSymbolExists.c.o：在函数‘main’中：
CheckSymbolExists.c:(.text+0x1b)：对‘pthread_create’未定义的引用
collect2: error: ld returned 1 exit status
CMakeFiles/cmTC_94a2b.dir/build.make:97: recipe for target 'cmTC_94a2b' failed
make[1]: *** [cmTC_94a2b] Error 1
make[1]: 离开目录“/home/CAD/butai01/ws/build/ik/CMakeFiles/CMakeTmp”
Makefile:126: recipe for target 'cmTC_94a2b/fast' failed
make: *** [cmTC_94a2b/fast] Error 2

File /home/CAD/butai01/ws/build/ik/CMakeFiles/CMakeTmp/CheckSymbolExists.c:
/* */
#include <pthread.h>

int main(int argc, char** argv)
{
  (void)argv;
#ifndef pthread_create
  return ((int*)(&pthread_create))[argc];
#else
  (void)argc;
  return 0;
#endif
}

Determining if the function pthread_create exists in the pthreads failed with the following output:
Change Dir: /home/CAD/butai01/ws/build/ik/CMakeFiles/CMakeTmp

Run Build Command:"/usr/bin/make" "cmTC_e5dc4/fast"
/usr/bin/make -f CMakeFiles/cmTC_e5dc4.dir/build.make CMakeFiles/cmTC_e5dc4.dir/build
make[1]: 进入目录“/home/CAD/butai01/ws/build/ik/CMakeFiles/CMakeTmp”
Building C object CMakeFiles/cmTC_e5dc4.dir/CheckFunctionExists.c.o
/usr/bin/cc   -DCHECK_FUNCTION_EXISTS=pthread_create   -o CMakeFiles/cmTC_e5dc4.dir/CheckFunctionExists.c.o   -c /usr/share/cmake-3.10/Modules/CheckFunctionExists.c
Linking C executable cmTC_e5dc4
/usr/bin/cmake -E cmake_link_script CMakeFiles/cmTC_e5dc4.dir/link.txt --verbose=1
/usr/bin/cc  -DCHECK_FUNCTION_EXISTS=pthread_create    -rdynamic CMakeFiles/cmTC_e5dc4.dir/CheckFunctionExists.c.o  -o cmTC_e5dc4 -lpthreads 
/usr/bin/ld: 找不到 -lpthreads
collect2: error: ld returned 1 exit status
CMakeFiles/cmTC_e5dc4.dir/build.make:97: recipe for target 'cmTC_e5dc4' failed
make[1]: *** [cmTC_e5dc4] Error 1
make[1]: 离开目录“/home/CAD/butai01/ws/build/ik/CMakeFiles/CMakeTmp”
Makefile:126: recipe for target 'cmTC_e5dc4/fast' failed
make: *** [cmTC_e5dc4/fast] Error 2


